[2023-09-12 12:45:40,163][flwr][INFO] - Starting Flower simulation, config: ServerConfig(num_rounds=3, round_timeout=None)
[2023-09-12 12:45:41,815][flwr][INFO] - Flower VCE: Ray initialized with resources: {'node:10.131.34.34': 1.0, 'GPU': 1.0, 'CPU': 6.0, 'memory': 39400872347.0, 'object_store_memory': 19700436172.0, 'accelerator_type:G': 1.0}
[2023-09-12 12:45:41,815][flwr][INFO] - Initializing global parameters
[2023-09-12 12:45:41,815][flwr][INFO] - Using initial parameters provided by strategy
[2023-09-12 12:45:41,816][flwr][INFO] - Evaluating initial parameters
[2023-09-12 12:45:46,881][flwr][INFO] - initial parameters (loss, other metrics): 489.3632843494415, {'accuracy': 0.0938}
[2023-09-12 12:45:46,882][flwr][INFO] - FL starting
[2023-09-12 12:45:46,882][flwr][DEBUG] - fit_round 1: strategy sampled 10 clients (out of 100)
[2023-09-12 12:45:57,359][flwr][DEBUG] - fit_round 1 received 10 results and 0 failures
[2023-09-12 12:45:57,648][flwr][WARNING] - No fit_metrics_aggregation_fn provided
[2023-09-12 12:46:00,795][flwr][INFO] - fit progress: (1, 515.8642210960388, {'accuracy': 0.1005}, 13.912835072958842)
[2023-09-12 12:46:00,795][flwr][INFO] - evaluate_round 1: no clients selected, cancel
[2023-09-12 12:46:00,795][flwr][DEBUG] - fit_round 2: strategy sampled 10 clients (out of 100)
[2023-09-12 12:46:08,445][flwr][DEBUG] - fit_round 2 received 10 results and 0 failures
[2023-09-12 12:46:11,822][flwr][INFO] - fit progress: (2, 472.61676025390625, {'accuracy': 0.1}, 24.939917823998258)
[2023-09-12 12:46:11,822][flwr][INFO] - evaluate_round 2: no clients selected, cancel
[2023-09-12 12:46:11,822][flwr][DEBUG] - fit_round 3: strategy sampled 10 clients (out of 100)
[2023-09-12 12:46:19,196][flwr][DEBUG] - fit_round 3 received 10 results and 0 failures
[2023-09-12 12:46:22,594][flwr][INFO] - fit progress: (3, 456.6430490016937, {'accuracy': 0.1213}, 35.71212577598635)
[2023-09-12 12:46:22,594][flwr][INFO] - evaluate_round 3: no clients selected, cancel
[2023-09-12 12:46:22,594][flwr][INFO] - FL finished in 35.712334063020535
[2023-09-12 12:46:22,598][flwr][INFO] - app_fit: losses_distributed []
[2023-09-12 12:46:22,598][flwr][INFO] - app_fit: metrics_distributed_fit {}
[2023-09-12 12:46:22,599][flwr][INFO] - app_fit: metrics_distributed {}
[2023-09-12 12:46:22,599][flwr][INFO] - app_fit: losses_centralized [(0, 489.3632843494415), (1, 515.8642210960388), (2, 472.61676025390625), (3, 456.6430490016937)]
[2023-09-12 12:46:22,599][flwr][INFO] - app_fit: metrics_centralized {'accuracy': [(0, 0.0938), (1, 0.1005), (2, 0.1), (3, 0.1213)]}
