[2023-09-15 13:27:22,809][flwr][INFO] - Starting Flower simulation, config: ServerConfig(num_rounds=3, round_timeout=None)
[2023-09-15 13:27:26,029][flwr][INFO] - Flower VCE: Ray initialized with resources: {'CPU': 6.0, 'node:__internal_head__': 1.0, 'node:10.131.34.34': 1.0, 'GPU': 1.0, 'accelerator_type:G': 1.0, 'memory': 33790228071.0, 'object_store_memory': 16895114035.0}
[2023-09-15 13:27:26,030][flwr][INFO] - Flower VCE: Resources for each Virtual Client: {'num_cpus': 2, 'num_gpus': 0.5}
[2023-09-15 13:27:26,036][flwr][INFO] - Flower VCE: Creating VirtualClientEngineActorPool with 2 actors
[2023-09-15 13:27:26,036][flwr][INFO] - Initializing global parameters
[2023-09-15 13:27:26,036][flwr][INFO] - Using initial parameters provided by strategy
[2023-09-15 13:27:26,036][flwr][INFO] - Evaluating initial parameters
[2023-09-15 13:27:31,150][flwr][INFO] - initial parameters (loss, other metrics): 542.3148858547211, {'accuracy': 0.1062}
[2023-09-15 13:27:31,150][flwr][INFO] - FL starting
[2023-09-15 13:27:31,150][flwr][DEBUG] - fit_round 1: strategy sampled 10 clients (out of 100)
[2023-09-15 13:27:41,745][flwr][DEBUG] - fit_round 1 received 10 results and 0 failures
[2023-09-15 13:27:42,035][flwr][WARNING] - No fit_metrics_aggregation_fn provided
[2023-09-15 13:27:45,070][flwr][INFO] - fit progress: (1, 636.093966960907, {'accuracy': 0.1}, 13.920095297973603)
[2023-09-15 13:27:45,071][flwr][INFO] - evaluate_round 1: no clients selected, cancel
[2023-09-15 13:27:45,071][flwr][DEBUG] - fit_round 2: strategy sampled 10 clients (out of 100)
[2023-09-15 13:27:52,175][flwr][DEBUG] - fit_round 2 received 10 results and 0 failures
[2023-09-15 13:27:55,395][flwr][INFO] - fit progress: (2, 553.2796428203583, {'accuracy': 0.1}, 24.24504051497206)
[2023-09-15 13:27:55,396][flwr][INFO] - evaluate_round 2: no clients selected, cancel
[2023-09-15 13:27:55,396][flwr][DEBUG] - fit_round 3: strategy sampled 10 clients (out of 100)
[2023-09-15 13:28:02,891][flwr][DEBUG] - fit_round 3 received 10 results and 0 failures
[2023-09-15 13:28:06,142][flwr][INFO] - fit progress: (3, 464.0742871761322, {'accuracy': 0.2167}, 34.99185047997162)
[2023-09-15 13:28:06,142][flwr][INFO] - evaluate_round 3: no clients selected, cancel
[2023-09-15 13:28:06,142][flwr][INFO] - FL finished in 34.992044994956814
[2023-09-15 13:28:06,145][flwr][INFO] - app_fit: losses_distributed []
[2023-09-15 13:28:06,145][flwr][INFO] - app_fit: metrics_distributed_fit {}
[2023-09-15 13:28:06,145][flwr][INFO] - app_fit: metrics_distributed {}
[2023-09-15 13:28:06,145][flwr][INFO] - app_fit: losses_centralized [(0, 542.3148858547211), (1, 636.093966960907), (2, 553.2796428203583), (3, 464.0742871761322)]
[2023-09-15 13:28:06,145][flwr][INFO] - app_fit: metrics_centralized {'accuracy': [(0, 0.1062), (1, 0.1), (2, 0.1), (3, 0.2167)]}
