[2023-09-15 14:09:56,678][flwr][INFO] - Total GPU Memeory: 4102.0 MiB
[2023-09-15 14:09:56,678][flwr][INFO] - Total CPU Count: 6 Thread(s)
[2023-09-15 14:09:56,721][flwr][INFO] - Starting Flower simulation, config: ServerConfig(num_rounds=3, round_timeout=None)
[2023-09-15 14:09:59,932][flwr][INFO] - Flower VCE: Ray initialized with resources: {'GPU': 1.0, 'accelerator_type:G': 1.0, 'object_store_memory': 16788312883.0, 'node:__internal_head__': 1.0, 'node:10.131.34.34': 1.0, 'memory': 33576625767.0, 'CPU': 6.0}
[2023-09-15 14:09:59,932][flwr][INFO] - Flower VCE: Resources for each Virtual Client: {'num_cpus': 2, 'num_gpus': 0.5}
[2023-09-15 14:09:59,939][flwr][INFO] - Flower VCE: Creating VirtualClientEngineActorPool with 2 actors
[2023-09-15 14:09:59,939][flwr][INFO] - Initializing global parameters
[2023-09-15 14:09:59,939][flwr][INFO] - Using initial parameters provided by strategy
[2023-09-15 14:09:59,939][flwr][INFO] - Evaluating initial parameters
[2023-09-15 14:10:05,073][flwr][INFO] - initial parameters (loss, other metrics): 485.9693880081177, {'accuracy': 0.1001}
[2023-09-15 14:10:05,073][flwr][INFO] - FL starting
[2023-09-15 14:10:05,074][flwr][DEBUG] - fit_round 1: strategy sampled 10 clients (out of 100)
[2023-09-15 14:10:15,716][flwr][DEBUG] - fit_round 1 received 10 results and 0 failures
[2023-09-15 14:10:16,003][flwr][WARNING] - No fit_metrics_aggregation_fn provided
[2023-09-15 14:10:19,020][flwr][INFO] - fit progress: (1, 546.8624622821808, {'accuracy': 0.1}, 13.946721492917277)
[2023-09-15 14:10:19,021][flwr][INFO] - evaluate_round 1: no clients selected, cancel
[2023-09-15 14:10:19,021][flwr][DEBUG] - fit_round 2: strategy sampled 10 clients (out of 100)
[2023-09-15 14:10:26,687][flwr][DEBUG] - fit_round 2 received 10 results and 0 failures
[2023-09-15 14:10:29,917][flwr][INFO] - fit progress: (2, 582.2586448192596, {'accuracy': 0.1}, 24.843538475921378)
[2023-09-15 14:10:29,917][flwr][INFO] - evaluate_round 2: no clients selected, cancel
[2023-09-15 14:10:29,917][flwr][DEBUG] - fit_round 3: strategy sampled 10 clients (out of 100)
[2023-09-15 14:10:37,128][flwr][DEBUG] - fit_round 3 received 10 results and 0 failures
[2023-09-15 14:10:40,347][flwr][INFO] - fit progress: (3, 495.4621994495392, {'accuracy': 0.1344}, 35.27365323295817)
[2023-09-15 14:10:40,347][flwr][INFO] - evaluate_round 3: no clients selected, cancel
[2023-09-15 14:10:40,347][flwr][INFO] - FL finished in 35.27388663799502
[2023-09-15 14:10:40,350][flwr][INFO] - app_fit: losses_distributed []
[2023-09-15 14:10:40,350][flwr][INFO] - app_fit: metrics_distributed_fit {}
[2023-09-15 14:10:40,350][flwr][INFO] - app_fit: metrics_distributed {}
[2023-09-15 14:10:40,350][flwr][INFO] - app_fit: losses_centralized [(0, 485.9693880081177), (1, 546.8624622821808), (2, 582.2586448192596), (3, 495.4621994495392)]
[2023-09-15 14:10:40,350][flwr][INFO] - app_fit: metrics_centralized {'accuracy': [(0, 0.1001), (1, 0.1), (2, 0.1), (3, 0.1344)]}
