[2023-09-12 12:47:32,078][flwr][INFO] - Starting Flower simulation, config: ServerConfig(num_rounds=3, round_timeout=None)
[2023-09-12 12:47:37,113][flwr][INFO] - Flower VCE: Ray initialized with resources: {'CPU': 6.0, 'node:10.131.34.34': 1.0, 'memory': 37220413440.0, 'object_store_memory': 18610206720.0, 'GPU': 1.0, 'accelerator_type:G': 1.0}
[2023-09-12 12:47:37,113][flwr][INFO] - Initializing global parameters
[2023-09-12 12:47:37,113][flwr][INFO] - Using initial parameters provided by strategy
[2023-09-12 12:47:37,114][flwr][INFO] - Evaluating initial parameters
[2023-09-12 12:47:40,231][flwr][INFO] - initial parameters (loss, other metrics): 510.70734453201294, {'accuracy': 0.0998}
[2023-09-12 12:47:40,232][flwr][INFO] - FL starting
[2023-09-12 12:47:40,232][flwr][DEBUG] - fit_round 1: strategy sampled 10 clients (out of 100)
[2023-09-12 12:47:50,868][flwr][DEBUG] - fit_round 1 received 10 results and 0 failures
[2023-09-12 12:47:51,146][flwr][WARNING] - No fit_metrics_aggregation_fn provided
[2023-09-12 12:47:54,272][flwr][INFO] - fit progress: (1, 507.1519148349762, {'accuracy': 0.1059}, 14.039608207996935)
[2023-09-12 12:47:54,272][flwr][INFO] - evaluate_round 1: no clients selected, cancel
[2023-09-12 12:47:54,272][flwr][DEBUG] - fit_round 2: strategy sampled 10 clients (out of 100)
[2023-09-12 12:48:01,482][flwr][DEBUG] - fit_round 2 received 10 results and 0 failures
[2023-09-12 12:48:04,879][flwr][INFO] - fit progress: (2, 485.18744826316833, {'accuracy': 0.1106}, 24.647297732997686)
[2023-09-12 12:48:04,879][flwr][INFO] - evaluate_round 2: no clients selected, cancel
[2023-09-12 12:48:04,879][flwr][DEBUG] - fit_round 3: strategy sampled 10 clients (out of 100)
[2023-09-12 12:48:12,168][flwr][DEBUG] - fit_round 3 received 10 results and 0 failures
[2023-09-12 12:48:15,529][flwr][INFO] - fit progress: (3, 467.796261548996, {'accuracy': 0.1011}, 35.29753190500196)
[2023-09-12 12:48:15,530][flwr][INFO] - evaluate_round 3: no clients selected, cancel
[2023-09-12 12:48:15,530][flwr][INFO] - FL finished in 35.29772687202785
[2023-09-12 12:48:15,532][flwr][INFO] - app_fit: losses_distributed []
[2023-09-12 12:48:15,532][flwr][INFO] - app_fit: metrics_distributed_fit {}
[2023-09-12 12:48:15,532][flwr][INFO] - app_fit: metrics_distributed {}
[2023-09-12 12:48:15,532][flwr][INFO] - app_fit: losses_centralized [(0, 510.70734453201294), (1, 507.1519148349762), (2, 485.18744826316833), (3, 467.796261548996)]
[2023-09-12 12:48:15,533][flwr][INFO] - app_fit: metrics_centralized {'accuracy': [(0, 0.0998), (1, 0.1059), (2, 0.1106), (3, 0.1011)]}
