[2023-09-10 19:11:17,782][flwr][INFO] - Starting Flower simulation, config: ServerConfig(num_rounds=10, round_timeout=None)
[2023-09-10 19:11:22,309][flwr][INFO] - Flower VCE: Ray initialized with resources: {'accelerator_type:G': 1.0, 'CPU': 6.0, 'node:10.131.34.34': 1.0, 'object_store_memory': 19039103385.0, 'memory': 38078206772.0, 'GPU': 1.0}
[2023-09-10 19:11:22,310][flwr][INFO] - Initializing global parameters
[2023-09-10 19:11:22,310][flwr][INFO] - Using initial parameters provided by strategy
[2023-09-10 19:11:22,310][flwr][INFO] - Evaluating initial parameters
[2023-09-10 19:11:23,531][flwr][INFO] - initial parameters (loss, other metrics): 182.1996259689331, {'accuracy': 0.1008}
[2023-09-10 19:11:23,532][flwr][INFO] - FL starting
[2023-09-10 19:11:23,532][flwr][DEBUG] - fit_round 1: strategy sampled 10 clients (out of 100)
[2023-09-10 19:11:29,079][flwr][DEBUG] - fit_round 1 received 10 results and 0 failures
[2023-09-10 19:11:29,084][flwr][WARNING] - No fit_metrics_aggregation_fn provided
[2023-09-10 19:11:30,277][flwr][INFO] - fit progress: (1, 181.65430283546448, {'accuracy': 0.101}, 6.745420271996409)
[2023-09-10 19:11:30,278][flwr][DEBUG] - evaluate_round 1: strategy sampled 25 clients (out of 100)
[2023-09-10 19:11:32,387][flwr][DEBUG] - evaluate_round 1 received 25 results and 0 failures
[2023-09-10 19:11:32,387][flwr][WARNING] - No evaluate_metrics_aggregation_fn provided
[2023-09-10 19:11:32,387][flwr][DEBUG] - fit_round 2: strategy sampled 10 clients (out of 100)
[2023-09-10 19:11:33,566][flwr][DEBUG] - fit_round 2 received 10 results and 0 failures
[2023-09-10 19:11:34,798][flwr][INFO] - fit progress: (2, 180.42701172828674, {'accuracy': 0.1018}, 11.266284111014102)
[2023-09-10 19:11:34,798][flwr][DEBUG] - evaluate_round 2: strategy sampled 25 clients (out of 100)
[2023-09-10 19:11:36,975][flwr][DEBUG] - evaluate_round 2 received 25 results and 0 failures
[2023-09-10 19:11:36,975][flwr][DEBUG] - fit_round 3: strategy sampled 10 clients (out of 100)
[2023-09-10 19:11:38,164][flwr][DEBUG] - fit_round 3 received 10 results and 0 failures
[2023-09-10 19:11:39,359][flwr][INFO] - fit progress: (3, 178.02499151229858, {'accuracy': 0.2042}, 15.82695594796678)
[2023-09-10 19:11:39,359][flwr][DEBUG] - evaluate_round 3: strategy sampled 25 clients (out of 100)
[2023-09-10 19:11:41,480][flwr][DEBUG] - evaluate_round 3 received 25 results and 0 failures
[2023-09-10 19:11:41,480][flwr][DEBUG] - fit_round 4: strategy sampled 10 clients (out of 100)
[2023-09-10 19:11:42,820][flwr][DEBUG] - fit_round 4 received 10 results and 0 failures
[2023-09-10 19:11:44,049][flwr][INFO] - fit progress: (4, 171.70996475219727, {'accuracy': 0.3171}, 20.517626743996516)
[2023-09-10 19:11:44,049][flwr][DEBUG] - evaluate_round 4: strategy sampled 25 clients (out of 100)
[2023-09-10 19:11:46,253][flwr][DEBUG] - evaluate_round 4 received 25 results and 0 failures
[2023-09-10 19:11:46,253][flwr][DEBUG] - fit_round 5: strategy sampled 10 clients (out of 100)
[2023-09-10 19:11:47,573][flwr][DEBUG] - fit_round 5 received 10 results and 0 failures
[2023-09-10 19:11:48,768][flwr][INFO] - fit progress: (5, 149.015882730484, {'accuracy': 0.5515}, 25.236017720017117)
[2023-09-10 19:11:48,768][flwr][DEBUG] - evaluate_round 5: strategy sampled 25 clients (out of 100)
[2023-09-10 19:11:50,861][flwr][DEBUG] - evaluate_round 5 received 25 results and 0 failures
[2023-09-10 19:11:50,861][flwr][DEBUG] - fit_round 6: strategy sampled 10 clients (out of 100)
[2023-09-10 19:11:52,131][flwr][DEBUG] - fit_round 6 received 10 results and 0 failures
[2023-09-10 19:11:53,319][flwr][INFO] - fit progress: (6, 96.02008962631226, {'accuracy': 0.6808}, 29.787480621016584)
[2023-09-10 19:11:53,319][flwr][DEBUG] - evaluate_round 6: strategy sampled 25 clients (out of 100)
[2023-09-10 19:11:55,473][flwr][DEBUG] - evaluate_round 6 received 25 results and 0 failures
[2023-09-10 19:11:55,473][flwr][DEBUG] - fit_round 7: strategy sampled 10 clients (out of 100)
[2023-09-10 19:11:56,732][flwr][DEBUG] - fit_round 7 received 10 results and 0 failures
[2023-09-10 19:11:57,944][flwr][INFO] - fit progress: (7, 57.76306429505348, {'accuracy': 0.7645}, 34.41263436200097)
[2023-09-10 19:11:57,944][flwr][DEBUG] - evaluate_round 7: strategy sampled 25 clients (out of 100)
[2023-09-10 19:12:00,008][flwr][DEBUG] - evaluate_round 7 received 25 results and 0 failures
[2023-09-10 19:12:00,009][flwr][DEBUG] - fit_round 8: strategy sampled 10 clients (out of 100)
[2023-09-10 19:12:01,339][flwr][DEBUG] - fit_round 8 received 10 results and 0 failures
[2023-09-10 19:12:02,535][flwr][INFO] - fit progress: (8, 59.26204860210419, {'accuracy': 0.7888}, 39.00314664101461)
[2023-09-10 19:12:02,535][flwr][DEBUG] - evaluate_round 8: strategy sampled 25 clients (out of 100)
[2023-09-10 19:12:04,768][flwr][DEBUG] - evaluate_round 8 received 25 results and 0 failures
[2023-09-10 19:12:04,768][flwr][DEBUG] - fit_round 9: strategy sampled 10 clients (out of 100)
[2023-09-10 19:12:06,032][flwr][DEBUG] - fit_round 9 received 10 results and 0 failures
[2023-09-10 19:12:07,249][flwr][INFO] - fit progress: (9, 71.98874755203724, {'accuracy': 0.8046}, 43.7178096799762)
[2023-09-10 19:12:07,250][flwr][DEBUG] - evaluate_round 9: strategy sampled 25 clients (out of 100)
[2023-09-10 19:12:09,431][flwr][DEBUG] - evaluate_round 9 received 25 results and 0 failures
[2023-09-10 19:12:09,431][flwr][DEBUG] - fit_round 10: strategy sampled 10 clients (out of 100)
[2023-09-10 19:12:10,758][flwr][DEBUG] - fit_round 10 received 10 results and 0 failures
[2023-09-10 19:12:11,962][flwr][INFO] - fit progress: (10, 74.15651585161686, {'accuracy': 0.8061}, 48.43088413996156)
[2023-09-10 19:12:11,963][flwr][DEBUG] - evaluate_round 10: strategy sampled 25 clients (out of 100)
[2023-09-10 19:12:14,191][flwr][DEBUG] - evaluate_round 10 received 25 results and 0 failures
[2023-09-10 19:12:14,191][flwr][INFO] - FL finished in 50.65930269000819
[2023-09-10 19:12:14,191][flwr][INFO] - app_fit: losses_distributed [(1, 6.899588451385498), (2, 6.852720403671265), (3, 6.758544397354126), (4, 6.522058458328247), (5, 5.686948947906494), (6, 3.735341851711273), (7, 2.291584165096283), (8, 2.4796588164567948), (9, 2.9714066231250764), (10, 3.1339535719156264)]
[2023-09-10 19:12:14,191][flwr][INFO] - app_fit: metrics_distributed_fit {}
[2023-09-10 19:12:14,191][flwr][INFO] - app_fit: metrics_distributed {}
[2023-09-10 19:12:14,191][flwr][INFO] - app_fit: losses_centralized [(0, 182.1996259689331), (1, 181.65430283546448), (2, 180.42701172828674), (3, 178.02499151229858), (4, 171.70996475219727), (5, 149.015882730484), (6, 96.02008962631226), (7, 57.76306429505348), (8, 59.26204860210419), (9, 71.98874755203724), (10, 74.15651585161686)]
[2023-09-10 19:12:14,191][flwr][INFO] - app_fit: metrics_centralized {'accuracy': [(0, 0.1008), (1, 0.101), (2, 0.1018), (3, 0.2042), (4, 0.3171), (5, 0.5515), (6, 0.6808), (7, 0.7645), (8, 0.7888), (9, 0.8046), (10, 0.8061)]}
