[2023-09-15 14:14:51,484][flwr][INFO] - Starting Flower simulation, config: ServerConfig(num_rounds=3, round_timeout=None)
[2023-09-15 14:14:54,698][flwr][INFO] - Flower VCE: Ray initialized with resources: {'memory': 33778792859.0, 'GPU': 1.0, 'accelerator_type:G': 1.0, 'object_store_memory': 16889396428.0, 'CPU': 6.0, 'node:10.131.34.34': 1.0, 'node:__internal_head__': 1.0}
[2023-09-15 14:14:54,698][flwr][INFO] - Flower VCE: Resources for each Virtual Client: {'num_cpus': 2, 'num_gpus': 0.5}
[2023-09-15 14:14:54,705][flwr][INFO] - Flower VCE: Creating VirtualClientEngineActorPool with 2 actors
[2023-09-15 14:14:54,706][flwr][INFO] - Initializing global parameters
[2023-09-15 14:14:54,706][flwr][INFO] - Using initial parameters provided by strategy
[2023-09-15 14:14:54,706][flwr][INFO] - Evaluating initial parameters
[2023-09-15 14:14:59,878][flwr][INFO] - initial parameters (loss, other metrics): 498.67034888267517, {'accuracy': 0.1013}
[2023-09-15 14:14:59,878][flwr][INFO] - FL starting
[2023-09-15 14:14:59,879][flwr][DEBUG] - fit_round 1: strategy sampled 10 clients (out of 100)
[2023-09-15 14:15:10,178][flwr][DEBUG] - fit_round 1 received 10 results and 0 failures
[2023-09-15 14:15:10,467][flwr][WARNING] - No fit_metrics_aggregation_fn provided
[2023-09-15 14:15:13,471][flwr][INFO] - fit progress: (1, 817.8304862976074, {'accuracy': 0.1}, 13.592612394015305)
[2023-09-15 14:15:13,472][flwr][INFO] - evaluate_round 1: no clients selected, cancel
[2023-09-15 14:15:13,472][flwr][DEBUG] - fit_round 2: strategy sampled 10 clients (out of 100)
[2023-09-15 14:15:20,771][flwr][DEBUG] - fit_round 2 received 10 results and 0 failures
[2023-09-15 14:15:24,002][flwr][INFO] - fit progress: (2, 486.06880164146423, {'accuracy': 0.1121}, 24.123754783999175)
[2023-09-15 14:15:24,002][flwr][INFO] - evaluate_round 2: no clients selected, cancel
[2023-09-15 14:15:24,003][flwr][DEBUG] - fit_round 3: strategy sampled 10 clients (out of 100)
[2023-09-15 14:15:31,100][flwr][DEBUG] - fit_round 3 received 10 results and 0 failures
[2023-09-15 14:15:34,302][flwr][INFO] - fit progress: (3, 493.13427782058716, {'accuracy': 0.1134}, 34.4234478661092)
[2023-09-15 14:15:34,302][flwr][INFO] - evaluate_round 3: no clients selected, cancel
[2023-09-15 14:15:34,302][flwr][INFO] - FL finished in 34.423644003109075
[2023-09-15 14:15:34,305][flwr][INFO] - app_fit: losses_distributed []
[2023-09-15 14:15:34,305][flwr][INFO] - app_fit: metrics_distributed_fit {}
[2023-09-15 14:15:34,305][flwr][INFO] - app_fit: metrics_distributed {}
[2023-09-15 14:15:34,305][flwr][INFO] - app_fit: losses_centralized [(0, 498.67034888267517), (1, 817.8304862976074), (2, 486.06880164146423), (3, 493.13427782058716)]
[2023-09-15 14:15:34,305][flwr][INFO] - app_fit: metrics_centralized {'accuracy': [(0, 0.1013), (1, 0.1), (2, 0.1121), (3, 0.1134)]}
