[2023-09-15 14:01:38,667][flwr][INFO] - Starting Flower simulation, config: ServerConfig(num_rounds=3, round_timeout=None)
[2023-09-15 14:01:41,917][flwr][INFO] - Flower VCE: Ray initialized with resources: {'object_store_memory': 16891294924.0, 'node:10.131.34.34': 1.0, 'node:__internal_head__': 1.0, 'memory': 33782589851.0, 'GPU': 1.0, 'accelerator_type:G': 1.0, 'CPU': 6.0}
[2023-09-15 14:01:41,917][flwr][INFO] - Flower VCE: Resources for each Virtual Client: {'num_cpus': 2, 'num_gpus': 0.5}
[2023-09-15 14:01:41,924][flwr][INFO] - Flower VCE: Creating VirtualClientEngineActorPool with 2 actors
[2023-09-15 14:01:41,924][flwr][INFO] - Initializing global parameters
[2023-09-15 14:01:41,924][flwr][INFO] - Using initial parameters provided by strategy
[2023-09-15 14:01:41,924][flwr][INFO] - Evaluating initial parameters
[2023-09-15 14:01:47,095][flwr][INFO] - initial parameters (loss, other metrics): 509.3159420490265, {'accuracy': 0.122}
[2023-09-15 14:01:47,096][flwr][INFO] - FL starting
[2023-09-15 14:01:47,096][flwr][DEBUG] - fit_round 1: strategy sampled 10 clients (out of 100)
[2023-09-15 14:01:58,213][flwr][DEBUG] - fit_round 1 received 10 results and 0 failures
[2023-09-15 14:01:58,506][flwr][WARNING] - No fit_metrics_aggregation_fn provided
[2023-09-15 14:02:01,565][flwr][INFO] - fit progress: (1, 809.2441282272339, {'accuracy': 0.1}, 14.469618310919032)
[2023-09-15 14:02:01,566][flwr][INFO] - evaluate_round 1: no clients selected, cancel
[2023-09-15 14:02:01,566][flwr][DEBUG] - fit_round 2: strategy sampled 10 clients (out of 100)
[2023-09-15 14:02:08,882][flwr][DEBUG] - fit_round 2 received 10 results and 0 failures
[2023-09-15 14:02:12,173][flwr][INFO] - fit progress: (2, 523.5020229816437, {'accuracy': 0.1245}, 25.077660371898673)
[2023-09-15 14:02:12,173][flwr][INFO] - evaluate_round 2: no clients selected, cancel
[2023-09-15 14:02:12,174][flwr][DEBUG] - fit_round 3: strategy sampled 10 clients (out of 100)
[2023-09-15 14:02:19,860][flwr][DEBUG] - fit_round 3 received 10 results and 0 failures
[2023-09-15 14:02:23,133][flwr][INFO] - fit progress: (3, 509.8878529071808, {'accuracy': 0.1}, 36.03749135590624)
[2023-09-15 14:02:23,133][flwr][INFO] - evaluate_round 3: no clients selected, cancel
[2023-09-15 14:02:23,133][flwr][INFO] - FL finished in 36.03769204788841
[2023-09-15 14:02:23,135][flwr][INFO] - app_fit: losses_distributed []
[2023-09-15 14:02:23,135][flwr][INFO] - app_fit: metrics_distributed_fit {}
[2023-09-15 14:02:23,135][flwr][INFO] - app_fit: metrics_distributed {}
[2023-09-15 14:02:23,135][flwr][INFO] - app_fit: losses_centralized [(0, 509.3159420490265), (1, 809.2441282272339), (2, 523.5020229816437), (3, 509.8878529071808)]
[2023-09-15 14:02:23,135][flwr][INFO] - app_fit: metrics_centralized {'accuracy': [(0, 0.122), (1, 0.1), (2, 0.1245), (3, 0.1)]}
