[2023-09-15 13:47:16,680][flwr][INFO] - Starting Flower simulation, config: ServerConfig(num_rounds=3, round_timeout=None)
[2023-09-15 13:47:19,882][flwr][INFO] - Flower VCE: Ray initialized with resources: {'node:__internal_head__': 1.0, 'CPU': 6.0, 'object_store_memory': 16891856486.0, 'GPU': 1.0, 'accelerator_type:G': 1.0, 'memory': 33783712974.0, 'node:10.131.34.34': 1.0}
[2023-09-15 13:47:19,883][flwr][INFO] - Flower VCE: Resources for each Virtual Client: {'num_cpus': 2, 'num_gpus': 0.5}
[2023-09-15 13:47:19,889][flwr][INFO] - Flower VCE: Creating VirtualClientEngineActorPool with 2 actors
[2023-09-15 13:47:19,890][flwr][INFO] - Initializing global parameters
[2023-09-15 13:47:19,890][flwr][INFO] - Using initial parameters provided by strategy
[2023-09-15 13:47:19,890][flwr][INFO] - Evaluating initial parameters
[2023-09-15 13:47:25,074][flwr][INFO] - initial parameters (loss, other metrics): 494.6958634853363, {'accuracy': 0.097}
[2023-09-15 13:47:25,075][flwr][INFO] - FL starting
[2023-09-15 13:47:25,075][flwr][DEBUG] - fit_round 1: strategy sampled 10 clients (out of 100)
[2023-09-15 13:47:35,656][flwr][DEBUG] - fit_round 1 received 10 results and 0 failures
[2023-09-15 13:47:35,946][flwr][WARNING] - No fit_metrics_aggregation_fn provided
[2023-09-15 13:47:38,959][flwr][INFO] - fit progress: (1, 667.7872784137726, {'accuracy': 0.1}, 13.884253076976165)
[2023-09-15 13:47:38,960][flwr][INFO] - evaluate_round 1: no clients selected, cancel
[2023-09-15 13:47:38,960][flwr][DEBUG] - fit_round 2: strategy sampled 10 clients (out of 100)
[2023-09-15 13:47:46,304][flwr][DEBUG] - fit_round 2 received 10 results and 0 failures
[2023-09-15 13:47:49,515][flwr][INFO] - fit progress: (2, 498.04899764060974, {'accuracy': 0.1161}, 24.439931741915643)
[2023-09-15 13:47:49,515][flwr][INFO] - evaluate_round 2: no clients selected, cancel
[2023-09-15 13:47:49,515][flwr][DEBUG] - fit_round 3: strategy sampled 10 clients (out of 100)
[2023-09-15 13:47:56,720][flwr][DEBUG] - fit_round 3 received 10 results and 0 failures
[2023-09-15 13:47:59,961][flwr][INFO] - fit progress: (3, 483.79934000968933, {'accuracy': 0.1079}, 34.88583208597265)
[2023-09-15 13:47:59,961][flwr][INFO] - evaluate_round 3: no clients selected, cancel
[2023-09-15 13:47:59,961][flwr][INFO] - FL finished in 34.88607096194755
[2023-09-15 13:47:59,963][flwr][INFO] - app_fit: losses_distributed []
[2023-09-15 13:47:59,963][flwr][INFO] - app_fit: metrics_distributed_fit {}
[2023-09-15 13:47:59,963][flwr][INFO] - app_fit: metrics_distributed {}
[2023-09-15 13:47:59,963][flwr][INFO] - app_fit: losses_centralized [(0, 494.6958634853363), (1, 667.7872784137726), (2, 498.04899764060974), (3, 483.79934000968933)]
[2023-09-15 13:47:59,963][flwr][INFO] - app_fit: metrics_centralized {'accuracy': [(0, 0.097), (1, 0.1), (2, 0.1161), (3, 0.1079)]}
