INFO flwr 2023-09-11 18:21:57,698 | app.py:146 | Starting Flower simulation, config: ServerConfig(num_rounds=10, round_timeout=None)
Files already downloaded and verified
Files already downloaded and verified
[2023-09-11 18:21:57,698][flwr][INFO] - Starting Flower simulation, config: ServerConfig(num_rounds=10, round_timeout=None)
INFO flwr 2023-09-11 18:22:00,376 | app.py:180 | Flower VCE: Ray initialized with resources: {'GPU': 1.0, 'memory': 39397335860.0, 'object_store_memory': 19698667929.0, 'CPU': 6.0, 'node:10.131.34.34': 1.0, 'accelerator_type:G': 1.0}
[2023-09-11 18:22:00,376][flwr][INFO] - Flower VCE: Ray initialized with resources: {'GPU': 1.0, 'memory': 39397335860.0, 'object_store_memory': 19698667929.0, 'CPU': 6.0, 'node:10.131.34.34': 1.0, 'accelerator_type:G': 1.0}
INFO flwr 2023-09-11 18:22:00,377 | server.py:86 | Initializing global parameters
[2023-09-11 18:22:00,377][flwr][INFO] - Initializing global parameters
INFO flwr 2023-09-11 18:22:00,377 | server.py:269 | Using initial parameters provided by strategy
[2023-09-11 18:22:00,377][flwr][INFO] - Using initial parameters provided by strategy
INFO flwr 2023-09-11 18:22:00,377 | server.py:88 | Evaluating initial parameters
[2023-09-11 18:22:00,377][flwr][INFO] - Evaluating initial parameters
INFO flwr 2023-09-11 18:22:05,476 | server.py:91 | initial parameters (loss, other metrics): 500.7338197231293, {'accuracy': 0.1}
[2023-09-11 18:22:05,476][flwr][INFO] - initial parameters (loss, other metrics): 500.7338197231293, {'accuracy': 0.1}
INFO flwr 2023-09-11 18:22:05,476 | server.py:101 | FL starting
[2023-09-11 18:22:05,476][flwr][INFO] - FL starting
DEBUG flwr 2023-09-11 18:22:05,476 | server.py:218 | fit_round 1: strategy sampled 10 clients (out of 100)
[2023-09-11 18:22:05,476][flwr][DEBUG] - fit_round 1: strategy sampled 10 clients (out of 100)
DEBUG flwr 2023-09-11 18:22:27,186 | server.py:232 | fit_round 1 received 10 results and 0 failures
[2023-09-11 18:22:27,186][flwr][DEBUG] - fit_round 1 received 10 results and 0 failures
WARNING flwr 2023-09-11 18:22:27,477 | fedavg.py:243 | No fit_metrics_aggregation_fn provided
[2023-09-11 18:22:27,477][flwr][WARNING] - No fit_metrics_aggregation_fn provided
INFO flwr 2023-09-11 18:22:30,692 | server.py:119 | fit progress: (1, 647.2156131267548, {'accuracy': 0.1}, 25.215850405045785)
[2023-09-11 18:22:30,692][flwr][INFO] - fit progress: (1, 647.2156131267548, {'accuracy': 0.1}, 25.215850405045785)
INFO flwr 2023-09-11 18:22:30,692 | server.py:166 | evaluate_round 1: no clients selected, cancel
[2023-09-11 18:22:30,692][flwr][INFO] - evaluate_round 1: no clients selected, cancel
DEBUG flwr 2023-09-11 18:22:30,692 | server.py:218 | fit_round 2: strategy sampled 10 clients (out of 100)
[2023-09-11 18:22:30,692][flwr][DEBUG] - fit_round 2: strategy sampled 10 clients (out of 100)
DEBUG flwr 2023-09-11 18:22:50,860 | server.py:232 | fit_round 2 received 10 results and 0 failures
[2023-09-11 18:22:50,860][flwr][DEBUG] - fit_round 2 received 10 results and 0 failures
INFO flwr 2023-09-11 18:22:54,307 | server.py:119 | fit progress: (2, 512.6942818164825, {'accuracy': 0.1462}, 48.83055124001112)
[2023-09-11 18:22:54,307][flwr][INFO] - fit progress: (2, 512.6942818164825, {'accuracy': 0.1462}, 48.83055124001112)
INFO flwr 2023-09-11 18:22:54,307 | server.py:166 | evaluate_round 2: no clients selected, cancel
[2023-09-11 18:22:54,307][flwr][INFO] - evaluate_round 2: no clients selected, cancel
DEBUG flwr 2023-09-11 18:22:54,307 | server.py:218 | fit_round 3: strategy sampled 10 clients (out of 100)
[2023-09-11 18:22:54,307][flwr][DEBUG] - fit_round 3: strategy sampled 10 clients (out of 100)
DEBUG flwr 2023-09-11 18:23:14,651 | server.py:232 | fit_round 3 received 10 results and 0 failures
[2023-09-11 18:23:14,651][flwr][DEBUG] - fit_round 3 received 10 results and 0 failures
INFO flwr 2023-09-11 18:23:18,091 | server.py:119 | fit progress: (3, 455.7461597919464, {'accuracy': 0.1}, 72.61485637398437)
[2023-09-11 18:23:18,091][flwr][INFO] - fit progress: (3, 455.7461597919464, {'accuracy': 0.1}, 72.61485637398437)
INFO flwr 2023-09-11 18:23:18,091 | server.py:166 | evaluate_round 3: no clients selected, cancel
[2023-09-11 18:23:18,091][flwr][INFO] - evaluate_round 3: no clients selected, cancel
DEBUG flwr 2023-09-11 18:23:18,091 | server.py:218 | fit_round 4: strategy sampled 10 clients (out of 100)
[2023-09-11 18:23:18,091][flwr][DEBUG] - fit_round 4: strategy sampled 10 clients (out of 100)
DEBUG flwr 2023-09-11 18:23:38,427 | server.py:232 | fit_round 4 received 10 results and 0 failures
[2023-09-11 18:23:38,427][flwr][DEBUG] - fit_round 4 received 10 results and 0 failures
INFO flwr 2023-09-11 18:23:41,879 | server.py:119 | fit progress: (4, 459.6273384094238, {'accuracy': 0.1762}, 96.40280733001418)
[2023-09-11 18:23:41,879][flwr][INFO] - fit progress: (4, 459.6273384094238, {'accuracy': 0.1762}, 96.40280733001418)
INFO flwr 2023-09-11 18:23:41,879 | server.py:166 | evaluate_round 4: no clients selected, cancel
[2023-09-11 18:23:41,879][flwr][INFO] - evaluate_round 4: no clients selected, cancel
DEBUG flwr 2023-09-11 18:23:41,879 | server.py:218 | fit_round 5: strategy sampled 10 clients (out of 100)
[2023-09-11 18:23:41,879][flwr][DEBUG] - fit_round 5: strategy sampled 10 clients (out of 100)
DEBUG flwr 2023-09-11 18:24:02,156 | server.py:232 | fit_round 5 received 10 results and 0 failures
[2023-09-11 18:24:02,156][flwr][DEBUG] - fit_round 5 received 10 results and 0 failures
INFO flwr 2023-09-11 18:24:05,586 | server.py:119 | fit progress: (5, 455.20243549346924, {'accuracy': 0.1759}, 120.10955617006402)
[2023-09-11 18:24:05,586][flwr][INFO] - fit progress: (5, 455.20243549346924, {'accuracy': 0.1759}, 120.10955617006402)
INFO flwr 2023-09-11 18:24:05,586 | server.py:166 | evaluate_round 5: no clients selected, cancel
[2023-09-11 18:24:05,586][flwr][INFO] - evaluate_round 5: no clients selected, cancel
DEBUG flwr 2023-09-11 18:24:05,586 | server.py:218 | fit_round 6: strategy sampled 10 clients (out of 100)
[2023-09-11 18:24:05,586][flwr][DEBUG] - fit_round 6: strategy sampled 10 clients (out of 100)
DEBUG flwr 2023-09-11 18:24:25,692 | server.py:232 | fit_round 6 received 10 results and 0 failures
[2023-09-11 18:24:25,692][flwr][DEBUG] - fit_round 6 received 10 results and 0 failures
INFO flwr 2023-09-11 18:24:29,106 | server.py:119 | fit progress: (6, 439.27483439445496, {'accuracy': 0.1814}, 143.62980800599325)
[2023-09-11 18:24:29,106][flwr][INFO] - fit progress: (6, 439.27483439445496, {'accuracy': 0.1814}, 143.62980800599325)
INFO flwr 2023-09-11 18:24:29,106 | server.py:166 | evaluate_round 6: no clients selected, cancel
[2023-09-11 18:24:29,106][flwr][INFO] - evaluate_round 6: no clients selected, cancel
DEBUG flwr 2023-09-11 18:24:29,106 | server.py:218 | fit_round 7: strategy sampled 10 clients (out of 100)
[2023-09-11 18:24:29,106][flwr][DEBUG] - fit_round 7: strategy sampled 10 clients (out of 100)
DEBUG flwr 2023-09-11 18:24:49,342 | server.py:232 | fit_round 7 received 10 results and 0 failures
[2023-09-11 18:24:49,342][flwr][DEBUG] - fit_round 7 received 10 results and 0 failures
INFO flwr 2023-09-11 18:24:52,745 | server.py:119 | fit progress: (7, 455.40977668762207, {'accuracy': 0.1621}, 167.26935984008014)
[2023-09-11 18:24:52,745][flwr][INFO] - fit progress: (7, 455.40977668762207, {'accuracy': 0.1621}, 167.26935984008014)
INFO flwr 2023-09-11 18:24:52,746 | server.py:166 | evaluate_round 7: no clients selected, cancel
[2023-09-11 18:24:52,746][flwr][INFO] - evaluate_round 7: no clients selected, cancel
DEBUG flwr 2023-09-11 18:24:52,746 | server.py:218 | fit_round 8: strategy sampled 10 clients (out of 100)
[2023-09-11 18:24:52,746][flwr][DEBUG] - fit_round 8: strategy sampled 10 clients (out of 100)
DEBUG flwr 2023-09-11 18:25:13,108 | server.py:232 | fit_round 8 received 10 results and 0 failures
[2023-09-11 18:25:13,108][flwr][DEBUG] - fit_round 8 received 10 results and 0 failures
INFO flwr 2023-09-11 18:25:16,510 | server.py:119 | fit progress: (8, 590.6409468650818, {'accuracy': 0.1284}, 191.0344296550611)
[2023-09-11 18:25:16,510][flwr][INFO] - fit progress: (8, 590.6409468650818, {'accuracy': 0.1284}, 191.0344296550611)
INFO flwr 2023-09-11 18:25:16,511 | server.py:166 | evaluate_round 8: no clients selected, cancel
[2023-09-11 18:25:16,511][flwr][INFO] - evaluate_round 8: no clients selected, cancel
DEBUG flwr 2023-09-11 18:25:16,511 | server.py:218 | fit_round 9: strategy sampled 10 clients (out of 100)
[2023-09-11 18:25:16,511][flwr][DEBUG] - fit_round 9: strategy sampled 10 clients (out of 100)
DEBUG flwr 2023-09-11 18:25:36,679 | server.py:232 | fit_round 9 received 10 results and 0 failures
[2023-09-11 18:25:36,679][flwr][DEBUG] - fit_round 9 received 10 results and 0 failures
INFO flwr 2023-09-11 18:25:40,094 | server.py:119 | fit progress: (9, 553.0745258331299, {'accuracy': 0.1289}, 214.61785110307392)
[2023-09-11 18:25:40,094][flwr][INFO] - fit progress: (9, 553.0745258331299, {'accuracy': 0.1289}, 214.61785110307392)
INFO flwr 2023-09-11 18:25:40,094 | server.py:166 | evaluate_round 9: no clients selected, cancel
[2023-09-11 18:25:40,094][flwr][INFO] - evaluate_round 9: no clients selected, cancel
DEBUG flwr 2023-09-11 18:25:40,094 | server.py:218 | fit_round 10: strategy sampled 10 clients (out of 100)
[2023-09-11 18:25:40,094][flwr][DEBUG] - fit_round 10: strategy sampled 10 clients (out of 100)
DEBUG flwr 2023-09-11 18:26:00,386 | server.py:232 | fit_round 10 received 10 results and 0 failures
[2023-09-11 18:26:00,386][flwr][DEBUG] - fit_round 10 received 10 results and 0 failures
INFO flwr 2023-09-11 18:26:03,818 | server.py:119 | fit progress: (10, 513.5781857967377, {'accuracy': 0.1309}, 238.34201569098514)
[2023-09-11 18:26:03,818][flwr][INFO] - fit progress: (10, 513.5781857967377, {'accuracy': 0.1309}, 238.34201569098514)
INFO flwr 2023-09-11 18:26:03,818 | server.py:166 | evaluate_round 10: no clients selected, cancel
[2023-09-11 18:26:03,818][flwr][INFO] - evaluate_round 10: no clients selected, cancel
INFO flwr 2023-09-11 18:26:03,818 | server.py:147 | FL finished in 238.34221743408125
[2023-09-11 18:26:03,818][flwr][INFO] - FL finished in 238.34221743408125
INFO flwr 2023-09-11 18:26:03,821 | app.py:218 | app_fit: losses_distributed []
[2023-09-11 18:26:03,821][flwr][INFO] - app_fit: losses_distributed []
INFO flwr 2023-09-11 18:26:03,821 | app.py:219 | app_fit: metrics_distributed_fit {}
[2023-09-11 18:26:03,821][flwr][INFO] - app_fit: metrics_distributed_fit {}
INFO flwr 2023-09-11 18:26:03,821 | app.py:220 | app_fit: metrics_distributed {}
[2023-09-11 18:26:03,821][flwr][INFO] - app_fit: metrics_distributed {}
INFO flwr 2023-09-11 18:26:03,821 | app.py:221 | app_fit: losses_centralized [(0, 500.7338197231293), (1, 647.2156131267548), (2, 512.6942818164825), (3, 455.7461597919464), (4, 459.6273384094238), (5, 455.20243549346924), (6, 439.27483439445496), (7, 455.40977668762207), (8, 590.6409468650818), (9, 553.0745258331299), (10, 513.5781857967377)]
[2023-09-11 18:26:03,821][flwr][INFO] - app_fit: losses_centralized [(0, 500.7338197231293), (1, 647.2156131267548), (2, 512.6942818164825), (3, 455.7461597919464), (4, 459.6273384094238), (5, 455.20243549346924), (6, 439.27483439445496), (7, 455.40977668762207), (8, 590.6409468650818), (9, 553.0745258331299), (10, 513.5781857967377)]
INFO flwr 2023-09-11 18:26:03,821 | app.py:222 | app_fit: metrics_centralized {'accuracy': [(0, 0.1), (1, 0.1), (2, 0.1462), (3, 0.1), (4, 0.1762), (5, 0.1759), (6, 0.1814), (7, 0.1621), (8, 0.1284), (9, 0.1289), (10, 0.1309)]}
[2023-09-11 18:26:03,821][flwr][INFO] - app_fit: metrics_centralized {'accuracy': [(0, 0.1), (1, 0.1), (2, 0.1462), (3, 0.1), (4, 0.1762), (5, 0.1759), (6, 0.1814), (7, 0.1621), (8, 0.1284), (9, 0.1289), (10, 0.1309)]}
