INFO flwr 2023-09-11 18:27:33,416 | app.py:146 | Starting Flower simulation, config: ServerConfig(num_rounds=100, round_timeout=None)
Files already downloaded and verified
Files already downloaded and verified
[2023-09-11 18:27:33,416][flwr][INFO] - Starting Flower simulation, config: ServerConfig(num_rounds=100, round_timeout=None)
INFO flwr 2023-09-11 18:27:36,115 | app.py:180 | Flower VCE: Ray initialized with resources: {'node:10.131.34.34': 1.0, 'GPU': 1.0, 'accelerator_type:G': 1.0, 'memory': 39397999412.0, 'object_store_memory': 19698999705.0, 'CPU': 6.0}
[2023-09-11 18:27:36,115][flwr][INFO] - Flower VCE: Ray initialized with resources: {'node:10.131.34.34': 1.0, 'GPU': 1.0, 'accelerator_type:G': 1.0, 'memory': 39397999412.0, 'object_store_memory': 19698999705.0, 'CPU': 6.0}
INFO flwr 2023-09-11 18:27:36,116 | server.py:86 | Initializing global parameters
[2023-09-11 18:27:36,116][flwr][INFO] - Initializing global parameters
INFO flwr 2023-09-11 18:27:36,116 | server.py:269 | Using initial parameters provided by strategy
[2023-09-11 18:27:36,116][flwr][INFO] - Using initial parameters provided by strategy
INFO flwr 2023-09-11 18:27:36,116 | server.py:88 | Evaluating initial parameters
[2023-09-11 18:27:36,116][flwr][INFO] - Evaluating initial parameters
INFO flwr 2023-09-11 18:27:41,199 | server.py:91 | initial parameters (loss, other metrics): 564.3277335166931, {'accuracy': 0.099}
[2023-09-11 18:27:41,199][flwr][INFO] - initial parameters (loss, other metrics): 564.3277335166931, {'accuracy': 0.099}
INFO flwr 2023-09-11 18:27:41,200 | server.py:101 | FL starting
[2023-09-11 18:27:41,200][flwr][INFO] - FL starting
DEBUG flwr 2023-09-11 18:27:41,200 | server.py:218 | fit_round 1: strategy sampled 10 clients (out of 100)
[2023-09-11 18:27:41,200][flwr][DEBUG] - fit_round 1: strategy sampled 10 clients (out of 100)
DEBUG flwr 2023-09-11 18:27:52,268 | server.py:232 | fit_round 1 received 10 results and 0 failures
[2023-09-11 18:27:52,268][flwr][DEBUG] - fit_round 1 received 10 results and 0 failures
WARNING flwr 2023-09-11 18:27:52,564 | fedavg.py:243 | No fit_metrics_aggregation_fn provided
[2023-09-11 18:27:52,564][flwr][WARNING] - No fit_metrics_aggregation_fn provided
INFO flwr 2023-09-11 18:27:55,734 | server.py:119 | fit progress: (1, 581.6044008731842, {'accuracy': 0.1018}, 14.534297307021916)
[2023-09-11 18:27:55,734][flwr][INFO] - fit progress: (1, 581.6044008731842, {'accuracy': 0.1018}, 14.534297307021916)
INFO flwr 2023-09-11 18:27:55,734 | server.py:166 | evaluate_round 1: no clients selected, cancel
[2023-09-11 18:27:55,734][flwr][INFO] - evaluate_round 1: no clients selected, cancel
DEBUG flwr 2023-09-11 18:27:55,734 | server.py:218 | fit_round 2: strategy sampled 10 clients (out of 100)
[2023-09-11 18:27:55,734][flwr][DEBUG] - fit_round 2: strategy sampled 10 clients (out of 100)
DEBUG flwr 2023-09-11 18:28:02,995 | server.py:232 | fit_round 2 received 10 results and 0 failures
[2023-09-11 18:28:02,995][flwr][DEBUG] - fit_round 2 received 10 results and 0 failures
INFO flwr 2023-09-11 18:28:06,355 | server.py:119 | fit progress: (2, 504.4634027481079, {'accuracy': 0.1462}, 25.15507213305682)
[2023-09-11 18:28:06,355][flwr][INFO] - fit progress: (2, 504.4634027481079, {'accuracy': 0.1462}, 25.15507213305682)
INFO flwr 2023-09-11 18:28:06,355 | server.py:166 | evaluate_round 2: no clients selected, cancel
[2023-09-11 18:28:06,355][flwr][INFO] - evaluate_round 2: no clients selected, cancel
DEBUG flwr 2023-09-11 18:28:06,355 | server.py:218 | fit_round 3: strategy sampled 10 clients (out of 100)
[2023-09-11 18:28:06,355][flwr][DEBUG] - fit_round 3: strategy sampled 10 clients (out of 100)
DEBUG flwr 2023-09-11 18:28:14,054 | server.py:232 | fit_round 3 received 10 results and 0 failures
[2023-09-11 18:28:14,054][flwr][DEBUG] - fit_round 3 received 10 results and 0 failures
INFO flwr 2023-09-11 18:28:17,390 | server.py:119 | fit progress: (3, 489.1110608577728, {'accuracy': 0.1362}, 36.19083389197476)
[2023-09-11 18:28:17,390][flwr][INFO] - fit progress: (3, 489.1110608577728, {'accuracy': 0.1362}, 36.19083389197476)
INFO flwr 2023-09-11 18:28:17,391 | server.py:166 | evaluate_round 3: no clients selected, cancel
[2023-09-11 18:28:17,391][flwr][INFO] - evaluate_round 3: no clients selected, cancel
DEBUG flwr 2023-09-11 18:28:17,391 | server.py:218 | fit_round 4: strategy sampled 10 clients (out of 100)
[2023-09-11 18:28:17,391][flwr][DEBUG] - fit_round 4: strategy sampled 10 clients (out of 100)
DEBUG flwr 2023-09-11 18:28:24,620 | server.py:232 | fit_round 4 received 10 results and 0 failures
[2023-09-11 18:28:24,620][flwr][DEBUG] - fit_round 4 received 10 results and 0 failures
INFO flwr 2023-09-11 18:28:27,941 | server.py:119 | fit progress: (4, 468.8759112358093, {'accuracy': 0.1735}, 46.74183488904964)
[2023-09-11 18:28:27,941][flwr][INFO] - fit progress: (4, 468.8759112358093, {'accuracy': 0.1735}, 46.74183488904964)
INFO flwr 2023-09-11 18:28:27,942 | server.py:166 | evaluate_round 4: no clients selected, cancel
[2023-09-11 18:28:27,942][flwr][INFO] - evaluate_round 4: no clients selected, cancel
DEBUG flwr 2023-09-11 18:28:27,942 | server.py:218 | fit_round 5: strategy sampled 10 clients (out of 100)
[2023-09-11 18:28:27,942][flwr][DEBUG] - fit_round 5: strategy sampled 10 clients (out of 100)
DEBUG flwr 2023-09-11 18:28:35,361 | server.py:232 | fit_round 5 received 10 results and 0 failures
[2023-09-11 18:28:35,361][flwr][DEBUG] - fit_round 5 received 10 results and 0 failures
INFO flwr 2023-09-11 18:28:38,725 | server.py:119 | fit progress: (5, 473.92046093940735, {'accuracy': 0.1433}, 57.525191962951794)
[2023-09-11 18:28:38,725][flwr][INFO] - fit progress: (5, 473.92046093940735, {'accuracy': 0.1433}, 57.525191962951794)
INFO flwr 2023-09-11 18:28:38,725 | server.py:166 | evaluate_round 5: no clients selected, cancel
[2023-09-11 18:28:38,725][flwr][INFO] - evaluate_round 5: no clients selected, cancel
DEBUG flwr 2023-09-11 18:28:38,725 | server.py:218 | fit_round 6: strategy sampled 10 clients (out of 100)
[2023-09-11 18:28:38,725][flwr][DEBUG] - fit_round 6: strategy sampled 10 clients (out of 100)
DEBUG flwr 2023-09-11 18:28:46,810 | server.py:232 | fit_round 6 received 10 results and 0 failures
[2023-09-11 18:28:46,810][flwr][DEBUG] - fit_round 6 received 10 results and 0 failures
INFO flwr 2023-09-11 18:28:50,163 | server.py:119 | fit progress: (6, 463.6867003440857, {'accuracy': 0.1629}, 68.96370476204902)
[2023-09-11 18:28:50,163][flwr][INFO] - fit progress: (6, 463.6867003440857, {'accuracy': 0.1629}, 68.96370476204902)
INFO flwr 2023-09-11 18:28:50,163 | server.py:166 | evaluate_round 6: no clients selected, cancel
[2023-09-11 18:28:50,163][flwr][INFO] - evaluate_round 6: no clients selected, cancel
DEBUG flwr 2023-09-11 18:28:50,164 | server.py:218 | fit_round 7: strategy sampled 10 clients (out of 100)
[2023-09-11 18:28:50,164][flwr][DEBUG] - fit_round 7: strategy sampled 10 clients (out of 100)
DEBUG flwr 2023-09-11 18:28:57,710 | server.py:232 | fit_round 7 received 10 results and 0 failures
[2023-09-11 18:28:57,710][flwr][DEBUG] - fit_round 7 received 10 results and 0 failures
INFO flwr 2023-09-11 18:29:01,055 | server.py:119 | fit progress: (7, 455.56473755836487, {'accuracy': 0.1585}, 79.85560131398961)
[2023-09-11 18:29:01,055][flwr][INFO] - fit progress: (7, 455.56473755836487, {'accuracy': 0.1585}, 79.85560131398961)
INFO flwr 2023-09-11 18:29:01,055 | server.py:166 | evaluate_round 7: no clients selected, cancel
[2023-09-11 18:29:01,055][flwr][INFO] - evaluate_round 7: no clients selected, cancel
DEBUG flwr 2023-09-11 18:29:01,055 | server.py:218 | fit_round 8: strategy sampled 10 clients (out of 100)
[2023-09-11 18:29:01,055][flwr][DEBUG] - fit_round 8: strategy sampled 10 clients (out of 100)
DEBUG flwr 2023-09-11 18:29:08,357 | server.py:232 | fit_round 8 received 10 results and 0 failures
[2023-09-11 18:29:08,357][flwr][DEBUG] - fit_round 8 received 10 results and 0 failures
INFO flwr 2023-09-11 18:29:11,726 | server.py:119 | fit progress: (8, 464.40685749053955, {'accuracy': 0.1682}, 90.52666473796126)
[2023-09-11 18:29:11,726][flwr][INFO] - fit progress: (8, 464.40685749053955, {'accuracy': 0.1682}, 90.52666473796126)
INFO flwr 2023-09-11 18:29:11,726 | server.py:166 | evaluate_round 8: no clients selected, cancel
[2023-09-11 18:29:11,726][flwr][INFO] - evaluate_round 8: no clients selected, cancel
DEBUG flwr 2023-09-11 18:29:11,726 | server.py:218 | fit_round 9: strategy sampled 10 clients (out of 100)
[2023-09-11 18:29:11,726][flwr][DEBUG] - fit_round 9: strategy sampled 10 clients (out of 100)
DEBUG flwr 2023-09-11 18:29:18,904 | server.py:232 | fit_round 9 received 10 results and 0 failures
[2023-09-11 18:29:18,904][flwr][DEBUG] - fit_round 9 received 10 results and 0 failures
INFO flwr 2023-09-11 18:29:22,256 | server.py:119 | fit progress: (9, 509.3577754497528, {'accuracy': 0.1924}, 101.05628617794719)
[2023-09-11 18:29:22,256][flwr][INFO] - fit progress: (9, 509.3577754497528, {'accuracy': 0.1924}, 101.05628617794719)
INFO flwr 2023-09-11 18:29:22,256 | server.py:166 | evaluate_round 9: no clients selected, cancel
[2023-09-11 18:29:22,256][flwr][INFO] - evaluate_round 9: no clients selected, cancel
DEBUG flwr 2023-09-11 18:29:22,256 | server.py:218 | fit_round 10: strategy sampled 10 clients (out of 100)
[2023-09-11 18:29:22,256][flwr][DEBUG] - fit_round 10: strategy sampled 10 clients (out of 100)
DEBUG flwr 2023-09-11 18:29:29,566 | server.py:232 | fit_round 10 received 10 results and 0 failures
[2023-09-11 18:29:29,566][flwr][DEBUG] - fit_round 10 received 10 results and 0 failures
INFO flwr 2023-09-11 18:29:32,913 | server.py:119 | fit progress: (10, 526.6715798377991, {'accuracy': 0.1757}, 111.71377324603964)
[2023-09-11 18:29:32,913][flwr][INFO] - fit progress: (10, 526.6715798377991, {'accuracy': 0.1757}, 111.71377324603964)
INFO flwr 2023-09-11 18:29:32,914 | server.py:166 | evaluate_round 10: no clients selected, cancel
[2023-09-11 18:29:32,914][flwr][INFO] - evaluate_round 10: no clients selected, cancel
DEBUG flwr 2023-09-11 18:29:32,914 | server.py:218 | fit_round 11: strategy sampled 10 clients (out of 100)
[2023-09-11 18:29:32,914][flwr][DEBUG] - fit_round 11: strategy sampled 10 clients (out of 100)
DEBUG flwr 2023-09-11 18:29:40,831 | server.py:232 | fit_round 11 received 10 results and 0 failures
[2023-09-11 18:29:40,831][flwr][DEBUG] - fit_round 11 received 10 results and 0 failures
INFO flwr 2023-09-11 18:29:44,203 | server.py:119 | fit progress: (11, 469.3078134059906, {'accuracy': 0.1975}, 123.00332620099653)
[2023-09-11 18:29:44,203][flwr][INFO] - fit progress: (11, 469.3078134059906, {'accuracy': 0.1975}, 123.00332620099653)
INFO flwr 2023-09-11 18:29:44,203 | server.py:166 | evaluate_round 11: no clients selected, cancel
[2023-09-11 18:29:44,203][flwr][INFO] - evaluate_round 11: no clients selected, cancel
DEBUG flwr 2023-09-11 18:29:44,203 | server.py:218 | fit_round 12: strategy sampled 10 clients (out of 100)
[2023-09-11 18:29:44,203][flwr][DEBUG] - fit_round 12: strategy sampled 10 clients (out of 100)
DEBUG flwr 2023-09-11 18:29:52,219 | server.py:232 | fit_round 12 received 10 results and 0 failures
[2023-09-11 18:29:52,219][flwr][DEBUG] - fit_round 12 received 10 results and 0 failures
INFO flwr 2023-09-11 18:29:55,567 | server.py:119 | fit progress: (12, 557.0562715530396, {'accuracy': 0.1001}, 134.36744483804796)
[2023-09-11 18:29:55,567][flwr][INFO] - fit progress: (12, 557.0562715530396, {'accuracy': 0.1001}, 134.36744483804796)
INFO flwr 2023-09-11 18:29:55,567 | server.py:166 | evaluate_round 12: no clients selected, cancel
[2023-09-11 18:29:55,567][flwr][INFO] - evaluate_round 12: no clients selected, cancel
DEBUG flwr 2023-09-11 18:29:55,567 | server.py:218 | fit_round 13: strategy sampled 10 clients (out of 100)
[2023-09-11 18:29:55,567][flwr][DEBUG] - fit_round 13: strategy sampled 10 clients (out of 100)
DEBUG flwr 2023-09-11 18:30:02,860 | server.py:232 | fit_round 13 received 10 results and 0 failures
[2023-09-11 18:30:02,860][flwr][DEBUG] - fit_round 13 received 10 results and 0 failures
INFO flwr 2023-09-11 18:30:06,208 | server.py:119 | fit progress: (13, 532.0307447910309, {'accuracy': 0.1676}, 145.00833781203255)
[2023-09-11 18:30:06,208][flwr][INFO] - fit progress: (13, 532.0307447910309, {'accuracy': 0.1676}, 145.00833781203255)
INFO flwr 2023-09-11 18:30:06,208 | server.py:166 | evaluate_round 13: no clients selected, cancel
[2023-09-11 18:30:06,208][flwr][INFO] - evaluate_round 13: no clients selected, cancel
DEBUG flwr 2023-09-11 18:30:06,208 | server.py:218 | fit_round 14: strategy sampled 10 clients (out of 100)
[2023-09-11 18:30:06,208][flwr][DEBUG] - fit_round 14: strategy sampled 10 clients (out of 100)
DEBUG flwr 2023-09-11 18:30:13,423 | server.py:232 | fit_round 14 received 10 results and 0 failures
[2023-09-11 18:30:13,423][flwr][DEBUG] - fit_round 14 received 10 results and 0 failures
INFO flwr 2023-09-11 18:30:16,756 | server.py:119 | fit progress: (14, 460.48381090164185, {'accuracy': 0.2295}, 155.55625874595717)
[2023-09-11 18:30:16,756][flwr][INFO] - fit progress: (14, 460.48381090164185, {'accuracy': 0.2295}, 155.55625874595717)
INFO flwr 2023-09-11 18:30:16,756 | server.py:166 | evaluate_round 14: no clients selected, cancel
[2023-09-11 18:30:16,756][flwr][INFO] - evaluate_round 14: no clients selected, cancel
DEBUG flwr 2023-09-11 18:30:16,756 | server.py:218 | fit_round 15: strategy sampled 10 clients (out of 100)
[2023-09-11 18:30:16,756][flwr][DEBUG] - fit_round 15: strategy sampled 10 clients (out of 100)
DEBUG flwr 2023-09-11 18:30:24,094 | server.py:232 | fit_round 15 received 10 results and 0 failures
[2023-09-11 18:30:24,094][flwr][DEBUG] - fit_round 15 received 10 results and 0 failures
INFO flwr 2023-09-11 18:30:27,439 | server.py:119 | fit progress: (15, 492.73250806331635, {'accuracy': 0.1756}, 166.2396699989913)
[2023-09-11 18:30:27,439][flwr][INFO] - fit progress: (15, 492.73250806331635, {'accuracy': 0.1756}, 166.2396699989913)
INFO flwr 2023-09-11 18:30:27,439 | server.py:166 | evaluate_round 15: no clients selected, cancel
[2023-09-11 18:30:27,439][flwr][INFO] - evaluate_round 15: no clients selected, cancel
DEBUG flwr 2023-09-11 18:30:27,439 | server.py:218 | fit_round 16: strategy sampled 10 clients (out of 100)
[2023-09-11 18:30:27,439][flwr][DEBUG] - fit_round 16: strategy sampled 10 clients (out of 100)
DEBUG flwr 2023-09-11 18:30:34,730 | server.py:232 | fit_round 16 received 10 results and 0 failures
[2023-09-11 18:30:34,730][flwr][DEBUG] - fit_round 16 received 10 results and 0 failures
INFO flwr 2023-09-11 18:30:38,076 | server.py:119 | fit progress: (16, 503.60648369789124, {'accuracy': 0.166}, 176.8764832239831)
[2023-09-11 18:30:38,076][flwr][INFO] - fit progress: (16, 503.60648369789124, {'accuracy': 0.166}, 176.8764832239831)
INFO flwr 2023-09-11 18:30:38,076 | server.py:166 | evaluate_round 16: no clients selected, cancel
[2023-09-11 18:30:38,076][flwr][INFO] - evaluate_round 16: no clients selected, cancel
DEBUG flwr 2023-09-11 18:30:38,076 | server.py:218 | fit_round 17: strategy sampled 10 clients (out of 100)
[2023-09-11 18:30:38,076][flwr][DEBUG] - fit_round 17: strategy sampled 10 clients (out of 100)
DEBUG flwr 2023-09-11 18:30:45,404 | server.py:232 | fit_round 17 received 10 results and 0 failures
[2023-09-11 18:30:45,404][flwr][DEBUG] - fit_round 17 received 10 results and 0 failures
INFO flwr 2023-09-11 18:30:48,754 | server.py:119 | fit progress: (17, 479.778361082077, {'accuracy': 0.174}, 187.554568690015)
[2023-09-11 18:30:48,754][flwr][INFO] - fit progress: (17, 479.778361082077, {'accuracy': 0.174}, 187.554568690015)
INFO flwr 2023-09-11 18:30:48,754 | server.py:166 | evaluate_round 17: no clients selected, cancel
[2023-09-11 18:30:48,754][flwr][INFO] - evaluate_round 17: no clients selected, cancel
DEBUG flwr 2023-09-11 18:30:48,754 | server.py:218 | fit_round 18: strategy sampled 10 clients (out of 100)
[2023-09-11 18:30:48,754][flwr][DEBUG] - fit_round 18: strategy sampled 10 clients (out of 100)
DEBUG flwr 2023-09-11 18:30:56,310 | server.py:232 | fit_round 18 received 10 results and 0 failures
[2023-09-11 18:30:56,310][flwr][DEBUG] - fit_round 18 received 10 results and 0 failures
INFO flwr 2023-09-11 18:30:59,680 | server.py:119 | fit progress: (18, 468.7963033914566, {'accuracy': 0.1967}, 198.48041759897023)
[2023-09-11 18:30:59,680][flwr][INFO] - fit progress: (18, 468.7963033914566, {'accuracy': 0.1967}, 198.48041759897023)
INFO flwr 2023-09-11 18:30:59,680 | server.py:166 | evaluate_round 18: no clients selected, cancel
[2023-09-11 18:30:59,680][flwr][INFO] - evaluate_round 18: no clients selected, cancel
DEBUG flwr 2023-09-11 18:30:59,680 | server.py:218 | fit_round 19: strategy sampled 10 clients (out of 100)
[2023-09-11 18:30:59,680][flwr][DEBUG] - fit_round 19: strategy sampled 10 clients (out of 100)
DEBUG flwr 2023-09-11 18:31:07,348 | server.py:232 | fit_round 19 received 10 results and 0 failures
[2023-09-11 18:31:07,348][flwr][DEBUG] - fit_round 19 received 10 results and 0 failures
INFO flwr 2023-09-11 18:31:10,685 | server.py:119 | fit progress: (19, 469.91916358470917, {'accuracy': 0.2257}, 209.48539004300255)
[2023-09-11 18:31:10,685][flwr][INFO] - fit progress: (19, 469.91916358470917, {'accuracy': 0.2257}, 209.48539004300255)
INFO flwr 2023-09-11 18:31:10,685 | server.py:166 | evaluate_round 19: no clients selected, cancel
[2023-09-11 18:31:10,685][flwr][INFO] - evaluate_round 19: no clients selected, cancel
DEBUG flwr 2023-09-11 18:31:10,685 | server.py:218 | fit_round 20: strategy sampled 10 clients (out of 100)
[2023-09-11 18:31:10,685][flwr][DEBUG] - fit_round 20: strategy sampled 10 clients (out of 100)
DEBUG flwr 2023-09-11 18:31:18,009 | server.py:232 | fit_round 20 received 10 results and 0 failures
[2023-09-11 18:31:18,009][flwr][DEBUG] - fit_round 20 received 10 results and 0 failures
INFO flwr 2023-09-11 18:31:21,360 | server.py:119 | fit progress: (20, 511.36734199523926, {'accuracy': 0.2174}, 220.1605152640259)
[2023-09-11 18:31:21,360][flwr][INFO] - fit progress: (20, 511.36734199523926, {'accuracy': 0.2174}, 220.1605152640259)
INFO flwr 2023-09-11 18:31:21,360 | server.py:166 | evaluate_round 20: no clients selected, cancel
[2023-09-11 18:31:21,360][flwr][INFO] - evaluate_round 20: no clients selected, cancel
DEBUG flwr 2023-09-11 18:31:21,360 | server.py:218 | fit_round 21: strategy sampled 10 clients (out of 100)
[2023-09-11 18:31:21,360][flwr][DEBUG] - fit_round 21: strategy sampled 10 clients (out of 100)
DEBUG flwr 2023-09-11 18:31:29,299 | server.py:232 | fit_round 21 received 10 results and 0 failures
[2023-09-11 18:31:29,299][flwr][DEBUG] - fit_round 21 received 10 results and 0 failures
INFO flwr 2023-09-11 18:31:32,623 | server.py:119 | fit progress: (21, 543.8804512023926, {'accuracy': 0.2101}, 231.42301711195614)
[2023-09-11 18:31:32,623][flwr][INFO] - fit progress: (21, 543.8804512023926, {'accuracy': 0.2101}, 231.42301711195614)
INFO flwr 2023-09-11 18:31:32,623 | server.py:166 | evaluate_round 21: no clients selected, cancel
[2023-09-11 18:31:32,623][flwr][INFO] - evaluate_round 21: no clients selected, cancel
DEBUG flwr 2023-09-11 18:31:32,623 | server.py:218 | fit_round 22: strategy sampled 10 clients (out of 100)
[2023-09-11 18:31:32,623][flwr][DEBUG] - fit_round 22: strategy sampled 10 clients (out of 100)
DEBUG flwr 2023-09-11 18:31:39,974 | server.py:232 | fit_round 22 received 10 results and 0 failures
[2023-09-11 18:31:39,974][flwr][DEBUG] - fit_round 22 received 10 results and 0 failures
INFO flwr 2023-09-11 18:31:43,326 | server.py:119 | fit progress: (22, 467.89975941181183, {'accuracy': 0.2458}, 242.12680733704474)
[2023-09-11 18:31:43,326][flwr][INFO] - fit progress: (22, 467.89975941181183, {'accuracy': 0.2458}, 242.12680733704474)
INFO flwr 2023-09-11 18:31:43,327 | server.py:166 | evaluate_round 22: no clients selected, cancel
[2023-09-11 18:31:43,327][flwr][INFO] - evaluate_round 22: no clients selected, cancel
DEBUG flwr 2023-09-11 18:31:43,327 | server.py:218 | fit_round 23: strategy sampled 10 clients (out of 100)
[2023-09-11 18:31:43,327][flwr][DEBUG] - fit_round 23: strategy sampled 10 clients (out of 100)
DEBUG flwr 2023-09-11 18:31:50,664 | server.py:232 | fit_round 23 received 10 results and 0 failures
[2023-09-11 18:31:50,664][flwr][DEBUG] - fit_round 23 received 10 results and 0 failures
INFO flwr 2023-09-11 18:31:53,989 | server.py:119 | fit progress: (23, 449.84949696063995, {'accuracy': 0.2413}, 252.78897083096672)
[2023-09-11 18:31:53,989][flwr][INFO] - fit progress: (23, 449.84949696063995, {'accuracy': 0.2413}, 252.78897083096672)
INFO flwr 2023-09-11 18:31:53,989 | server.py:166 | evaluate_round 23: no clients selected, cancel
[2023-09-11 18:31:53,989][flwr][INFO] - evaluate_round 23: no clients selected, cancel
DEBUG flwr 2023-09-11 18:31:53,989 | server.py:218 | fit_round 24: strategy sampled 10 clients (out of 100)
[2023-09-11 18:31:53,989][flwr][DEBUG] - fit_round 24: strategy sampled 10 clients (out of 100)
DEBUG flwr 2023-09-11 18:32:01,401 | server.py:232 | fit_round 24 received 10 results and 0 failures
[2023-09-11 18:32:01,401][flwr][DEBUG] - fit_round 24 received 10 results and 0 failures
INFO flwr 2023-09-11 18:32:04,759 | server.py:119 | fit progress: (24, 476.8982000350952, {'accuracy': 0.2209}, 263.55908850894775)
[2023-09-11 18:32:04,759][flwr][INFO] - fit progress: (24, 476.8982000350952, {'accuracy': 0.2209}, 263.55908850894775)
INFO flwr 2023-09-11 18:32:04,759 | server.py:166 | evaluate_round 24: no clients selected, cancel
[2023-09-11 18:32:04,759][flwr][INFO] - evaluate_round 24: no clients selected, cancel
DEBUG flwr 2023-09-11 18:32:04,759 | server.py:218 | fit_round 25: strategy sampled 10 clients (out of 100)
[2023-09-11 18:32:04,759][flwr][DEBUG] - fit_round 25: strategy sampled 10 clients (out of 100)
DEBUG flwr 2023-09-11 18:32:12,077 | server.py:232 | fit_round 25 received 10 results and 0 failures
[2023-09-11 18:32:12,077][flwr][DEBUG] - fit_round 25 received 10 results and 0 failures
INFO flwr 2023-09-11 18:32:15,390 | server.py:119 | fit progress: (25, 565.4964492321014, {'accuracy': 0.1737}, 274.1906927090604)
[2023-09-11 18:32:15,390][flwr][INFO] - fit progress: (25, 565.4964492321014, {'accuracy': 0.1737}, 274.1906927090604)
INFO flwr 2023-09-11 18:32:15,390 | server.py:166 | evaluate_round 25: no clients selected, cancel
[2023-09-11 18:32:15,390][flwr][INFO] - evaluate_round 25: no clients selected, cancel
DEBUG flwr 2023-09-11 18:32:15,391 | server.py:218 | fit_round 26: strategy sampled 10 clients (out of 100)
[2023-09-11 18:32:15,391][flwr][DEBUG] - fit_round 26: strategy sampled 10 clients (out of 100)
DEBUG flwr 2023-09-11 18:32:23,477 | server.py:232 | fit_round 26 received 10 results and 0 failures
[2023-09-11 18:32:23,477][flwr][DEBUG] - fit_round 26 received 10 results and 0 failures
INFO flwr 2023-09-11 18:32:26,814 | server.py:119 | fit progress: (26, 611.6946098804474, {'accuracy': 0.1422}, 285.61426572699565)
[2023-09-11 18:32:26,814][flwr][INFO] - fit progress: (26, 611.6946098804474, {'accuracy': 0.1422}, 285.61426572699565)
INFO flwr 2023-09-11 18:32:26,814 | server.py:166 | evaluate_round 26: no clients selected, cancel
[2023-09-11 18:32:26,814][flwr][INFO] - evaluate_round 26: no clients selected, cancel
DEBUG flwr 2023-09-11 18:32:26,814 | server.py:218 | fit_round 27: strategy sampled 10 clients (out of 100)
[2023-09-11 18:32:26,814][flwr][DEBUG] - fit_round 27: strategy sampled 10 clients (out of 100)
DEBUG flwr 2023-09-11 18:32:34,143 | server.py:232 | fit_round 27 received 10 results and 0 failures
[2023-09-11 18:32:34,143][flwr][DEBUG] - fit_round 27 received 10 results and 0 failures
INFO flwr 2023-09-11 18:32:37,460 | server.py:119 | fit progress: (27, 444.0800166130066, {'accuracy': 0.1951}, 296.26031494897325)
[2023-09-11 18:32:37,460][flwr][INFO] - fit progress: (27, 444.0800166130066, {'accuracy': 0.1951}, 296.26031494897325)
INFO flwr 2023-09-11 18:32:37,460 | server.py:166 | evaluate_round 27: no clients selected, cancel
[2023-09-11 18:32:37,460][flwr][INFO] - evaluate_round 27: no clients selected, cancel
DEBUG flwr 2023-09-11 18:32:37,460 | server.py:218 | fit_round 28: strategy sampled 10 clients (out of 100)
[2023-09-11 18:32:37,460][flwr][DEBUG] - fit_round 28: strategy sampled 10 clients (out of 100)
DEBUG flwr 2023-09-11 18:32:44,779 | server.py:232 | fit_round 28 received 10 results and 0 failures
[2023-09-11 18:32:44,779][flwr][DEBUG] - fit_round 28 received 10 results and 0 failures
INFO flwr 2023-09-11 18:32:48,100 | server.py:119 | fit progress: (28, 410.11250245571136, {'accuracy': 0.2416}, 306.9005388120422)
[2023-09-11 18:32:48,100][flwr][INFO] - fit progress: (28, 410.11250245571136, {'accuracy': 0.2416}, 306.9005388120422)
INFO flwr 2023-09-11 18:32:48,100 | server.py:166 | evaluate_round 28: no clients selected, cancel
[2023-09-11 18:32:48,100][flwr][INFO] - evaluate_round 28: no clients selected, cancel
DEBUG flwr 2023-09-11 18:32:48,100 | server.py:218 | fit_round 29: strategy sampled 10 clients (out of 100)
[2023-09-11 18:32:48,100][flwr][DEBUG] - fit_round 29: strategy sampled 10 clients (out of 100)
DEBUG flwr 2023-09-11 18:32:55,445 | server.py:232 | fit_round 29 received 10 results and 0 failures
[2023-09-11 18:32:55,445][flwr][DEBUG] - fit_round 29 received 10 results and 0 failures
INFO flwr 2023-09-11 18:32:58,757 | server.py:119 | fit progress: (29, 466.52217304706573, {'accuracy': 0.228}, 317.5572592939716)
[2023-09-11 18:32:58,757][flwr][INFO] - fit progress: (29, 466.52217304706573, {'accuracy': 0.228}, 317.5572592939716)
INFO flwr 2023-09-11 18:32:58,757 | server.py:166 | evaluate_round 29: no clients selected, cancel
[2023-09-11 18:32:58,757][flwr][INFO] - evaluate_round 29: no clients selected, cancel
DEBUG flwr 2023-09-11 18:32:58,757 | server.py:218 | fit_round 30: strategy sampled 10 clients (out of 100)
[2023-09-11 18:32:58,757][flwr][DEBUG] - fit_round 30: strategy sampled 10 clients (out of 100)
DEBUG flwr 2023-09-11 18:33:06,052 | server.py:232 | fit_round 30 received 10 results and 0 failures
[2023-09-11 18:33:06,052][flwr][DEBUG] - fit_round 30 received 10 results and 0 failures
INFO flwr 2023-09-11 18:33:09,415 | server.py:119 | fit progress: (30, 459.0703990459442, {'accuracy': 0.2478}, 328.21545507002156)
[2023-09-11 18:33:09,415][flwr][INFO] - fit progress: (30, 459.0703990459442, {'accuracy': 0.2478}, 328.21545507002156)
INFO flwr 2023-09-11 18:33:09,415 | server.py:166 | evaluate_round 30: no clients selected, cancel
[2023-09-11 18:33:09,415][flwr][INFO] - evaluate_round 30: no clients selected, cancel
DEBUG flwr 2023-09-11 18:33:09,415 | server.py:218 | fit_round 31: strategy sampled 10 clients (out of 100)
[2023-09-11 18:33:09,415][flwr][DEBUG] - fit_round 31: strategy sampled 10 clients (out of 100)
DEBUG flwr 2023-09-11 18:33:16,785 | server.py:232 | fit_round 31 received 10 results and 0 failures
[2023-09-11 18:33:16,785][flwr][DEBUG] - fit_round 31 received 10 results and 0 failures
INFO flwr 2023-09-11 18:33:20,101 | server.py:119 | fit progress: (31, 415.73542177677155, {'accuracy': 0.2585}, 338.90173041599337)
[2023-09-11 18:33:20,101][flwr][INFO] - fit progress: (31, 415.73542177677155, {'accuracy': 0.2585}, 338.90173041599337)
INFO flwr 2023-09-11 18:33:20,101 | server.py:166 | evaluate_round 31: no clients selected, cancel
[2023-09-11 18:33:20,101][flwr][INFO] - evaluate_round 31: no clients selected, cancel
DEBUG flwr 2023-09-11 18:33:20,102 | server.py:218 | fit_round 32: strategy sampled 10 clients (out of 100)
[2023-09-11 18:33:20,102][flwr][DEBUG] - fit_round 32: strategy sampled 10 clients (out of 100)
DEBUG flwr 2023-09-11 18:33:27,454 | server.py:232 | fit_round 32 received 10 results and 0 failures
[2023-09-11 18:33:27,454][flwr][DEBUG] - fit_round 32 received 10 results and 0 failures
INFO flwr 2023-09-11 18:33:30,787 | server.py:119 | fit progress: (32, 436.9989343881607, {'accuracy': 0.2167}, 349.5873418840347)
[2023-09-11 18:33:30,787][flwr][INFO] - fit progress: (32, 436.9989343881607, {'accuracy': 0.2167}, 349.5873418840347)
INFO flwr 2023-09-11 18:33:30,787 | server.py:166 | evaluate_round 32: no clients selected, cancel
[2023-09-11 18:33:30,787][flwr][INFO] - evaluate_round 32: no clients selected, cancel
DEBUG flwr 2023-09-11 18:33:30,787 | server.py:218 | fit_round 33: strategy sampled 10 clients (out of 100)
[2023-09-11 18:33:30,787][flwr][DEBUG] - fit_round 33: strategy sampled 10 clients (out of 100)
DEBUG flwr 2023-09-11 18:33:38,105 | server.py:232 | fit_round 33 received 10 results and 0 failures
[2023-09-11 18:33:38,105][flwr][DEBUG] - fit_round 33 received 10 results and 0 failures
INFO flwr 2023-09-11 18:33:41,456 | server.py:119 | fit progress: (33, 441.115461230278, {'accuracy': 0.2198}, 360.256572225946)
[2023-09-11 18:33:41,456][flwr][INFO] - fit progress: (33, 441.115461230278, {'accuracy': 0.2198}, 360.256572225946)
INFO flwr 2023-09-11 18:33:41,456 | server.py:166 | evaluate_round 33: no clients selected, cancel
[2023-09-11 18:33:41,456][flwr][INFO] - evaluate_round 33: no clients selected, cancel
DEBUG flwr 2023-09-11 18:33:41,456 | server.py:218 | fit_round 34: strategy sampled 10 clients (out of 100)
[2023-09-11 18:33:41,456][flwr][DEBUG] - fit_round 34: strategy sampled 10 clients (out of 100)
DEBUG flwr 2023-09-11 18:33:48,769 | server.py:232 | fit_round 34 received 10 results and 0 failures
[2023-09-11 18:33:48,769][flwr][DEBUG] - fit_round 34 received 10 results and 0 failures
INFO flwr 2023-09-11 18:33:52,099 | server.py:119 | fit progress: (34, 397.12803614139557, {'accuracy': 0.2897}, 370.8998877740232)
[2023-09-11 18:33:52,099][flwr][INFO] - fit progress: (34, 397.12803614139557, {'accuracy': 0.2897}, 370.8998877740232)
INFO flwr 2023-09-11 18:33:52,100 | server.py:166 | evaluate_round 34: no clients selected, cancel
[2023-09-11 18:33:52,100][flwr][INFO] - evaluate_round 34: no clients selected, cancel
DEBUG flwr 2023-09-11 18:33:52,100 | server.py:218 | fit_round 35: strategy sampled 10 clients (out of 100)
[2023-09-11 18:33:52,100][flwr][DEBUG] - fit_round 35: strategy sampled 10 clients (out of 100)
DEBUG flwr 2023-09-11 18:33:59,445 | server.py:232 | fit_round 35 received 10 results and 0 failures
[2023-09-11 18:33:59,445][flwr][DEBUG] - fit_round 35 received 10 results and 0 failures
INFO flwr 2023-09-11 18:34:02,799 | server.py:119 | fit progress: (35, 438.8436781167984, {'accuracy': 0.2343}, 381.5989178660093)
[2023-09-11 18:34:02,799][flwr][INFO] - fit progress: (35, 438.8436781167984, {'accuracy': 0.2343}, 381.5989178660093)
INFO flwr 2023-09-11 18:34:02,799 | server.py:166 | evaluate_round 35: no clients selected, cancel
[2023-09-11 18:34:02,799][flwr][INFO] - evaluate_round 35: no clients selected, cancel
DEBUG flwr 2023-09-11 18:34:02,799 | server.py:218 | fit_round 36: strategy sampled 10 clients (out of 100)
[2023-09-11 18:34:02,799][flwr][DEBUG] - fit_round 36: strategy sampled 10 clients (out of 100)
DEBUG flwr 2023-09-11 18:34:10,128 | server.py:232 | fit_round 36 received 10 results and 0 failures
[2023-09-11 18:34:10,128][flwr][DEBUG] - fit_round 36 received 10 results and 0 failures
INFO flwr 2023-09-11 18:34:13,483 | server.py:119 | fit progress: (36, 419.4434633255005, {'accuracy': 0.2699}, 392.283176757046)
[2023-09-11 18:34:13,483][flwr][INFO] - fit progress: (36, 419.4434633255005, {'accuracy': 0.2699}, 392.283176757046)
INFO flwr 2023-09-11 18:34:13,483 | server.py:166 | evaluate_round 36: no clients selected, cancel
[2023-09-11 18:34:13,483][flwr][INFO] - evaluate_round 36: no clients selected, cancel
DEBUG flwr 2023-09-11 18:34:13,483 | server.py:218 | fit_round 37: strategy sampled 10 clients (out of 100)
[2023-09-11 18:34:13,483][flwr][DEBUG] - fit_round 37: strategy sampled 10 clients (out of 100)
DEBUG flwr 2023-09-11 18:34:20,836 | server.py:232 | fit_round 37 received 10 results and 0 failures
[2023-09-11 18:34:20,836][flwr][DEBUG] - fit_round 37 received 10 results and 0 failures
INFO flwr 2023-09-11 18:34:24,198 | server.py:119 | fit progress: (37, 382.0851329565048, {'accuracy': 0.3208}, 402.99799674900714)
[2023-09-11 18:34:24,198][flwr][INFO] - fit progress: (37, 382.0851329565048, {'accuracy': 0.3208}, 402.99799674900714)
INFO flwr 2023-09-11 18:34:24,198 | server.py:166 | evaluate_round 37: no clients selected, cancel
[2023-09-11 18:34:24,198][flwr][INFO] - evaluate_round 37: no clients selected, cancel
DEBUG flwr 2023-09-11 18:34:24,198 | server.py:218 | fit_round 38: strategy sampled 10 clients (out of 100)
[2023-09-11 18:34:24,198][flwr][DEBUG] - fit_round 38: strategy sampled 10 clients (out of 100)
DEBUG flwr 2023-09-11 18:34:31,561 | server.py:232 | fit_round 38 received 10 results and 0 failures
[2023-09-11 18:34:31,561][flwr][DEBUG] - fit_round 38 received 10 results and 0 failures
INFO flwr 2023-09-11 18:34:34,913 | server.py:119 | fit progress: (38, 358.9561302661896, {'accuracy': 0.3037}, 413.7137840910582)
[2023-09-11 18:34:34,913][flwr][INFO] - fit progress: (38, 358.9561302661896, {'accuracy': 0.3037}, 413.7137840910582)
INFO flwr 2023-09-11 18:34:34,914 | server.py:166 | evaluate_round 38: no clients selected, cancel
[2023-09-11 18:34:34,914][flwr][INFO] - evaluate_round 38: no clients selected, cancel
DEBUG flwr 2023-09-11 18:34:34,914 | server.py:218 | fit_round 39: strategy sampled 10 clients (out of 100)
[2023-09-11 18:34:34,914][flwr][DEBUG] - fit_round 39: strategy sampled 10 clients (out of 100)
DEBUG flwr 2023-09-11 18:34:42,281 | server.py:232 | fit_round 39 received 10 results and 0 failures
[2023-09-11 18:34:42,281][flwr][DEBUG] - fit_round 39 received 10 results and 0 failures
INFO flwr 2023-09-11 18:34:45,599 | server.py:119 | fit progress: (39, 369.3208829164505, {'accuracy': 0.2878}, 424.39916322997306)
[2023-09-11 18:34:45,599][flwr][INFO] - fit progress: (39, 369.3208829164505, {'accuracy': 0.2878}, 424.39916322997306)
INFO flwr 2023-09-11 18:34:45,599 | server.py:166 | evaluate_round 39: no clients selected, cancel
[2023-09-11 18:34:45,599][flwr][INFO] - evaluate_round 39: no clients selected, cancel
DEBUG flwr 2023-09-11 18:34:45,599 | server.py:218 | fit_round 40: strategy sampled 10 clients (out of 100)
[2023-09-11 18:34:45,599][flwr][DEBUG] - fit_round 40: strategy sampled 10 clients (out of 100)
DEBUG flwr 2023-09-11 18:34:53,391 | server.py:232 | fit_round 40 received 10 results and 0 failures
[2023-09-11 18:34:53,391][flwr][DEBUG] - fit_round 40 received 10 results and 0 failures
INFO flwr 2023-09-11 18:34:56,743 | server.py:119 | fit progress: (40, 422.39056158065796, {'accuracy': 0.2323}, 435.5432165500242)
[2023-09-11 18:34:56,743][flwr][INFO] - fit progress: (40, 422.39056158065796, {'accuracy': 0.2323}, 435.5432165500242)
INFO flwr 2023-09-11 18:34:56,743 | server.py:166 | evaluate_round 40: no clients selected, cancel
[2023-09-11 18:34:56,743][flwr][INFO] - evaluate_round 40: no clients selected, cancel
DEBUG flwr 2023-09-11 18:34:56,743 | server.py:218 | fit_round 41: strategy sampled 10 clients (out of 100)
[2023-09-11 18:34:56,743][flwr][DEBUG] - fit_round 41: strategy sampled 10 clients (out of 100)
DEBUG flwr 2023-09-11 18:35:04,273 | server.py:232 | fit_round 41 received 10 results and 0 failures
[2023-09-11 18:35:04,273][flwr][DEBUG] - fit_round 41 received 10 results and 0 failures
INFO flwr 2023-09-11 18:35:07,608 | server.py:119 | fit progress: (41, 427.2858307361603, {'accuracy': 0.2309}, 446.4085226790048)
[2023-09-11 18:35:07,608][flwr][INFO] - fit progress: (41, 427.2858307361603, {'accuracy': 0.2309}, 446.4085226790048)
INFO flwr 2023-09-11 18:35:07,608 | server.py:166 | evaluate_round 41: no clients selected, cancel
[2023-09-11 18:35:07,608][flwr][INFO] - evaluate_round 41: no clients selected, cancel
DEBUG flwr 2023-09-11 18:35:07,608 | server.py:218 | fit_round 42: strategy sampled 10 clients (out of 100)
[2023-09-11 18:35:07,608][flwr][DEBUG] - fit_round 42: strategy sampled 10 clients (out of 100)
DEBUG flwr 2023-09-11 18:35:14,904 | server.py:232 | fit_round 42 received 10 results and 0 failures
[2023-09-11 18:35:14,904][flwr][DEBUG] - fit_round 42 received 10 results and 0 failures
INFO flwr 2023-09-11 18:35:18,238 | server.py:119 | fit progress: (42, 375.3208327293396, {'accuracy': 0.3084}, 457.0381440180354)
[2023-09-11 18:35:18,238][flwr][INFO] - fit progress: (42, 375.3208327293396, {'accuracy': 0.3084}, 457.0381440180354)
INFO flwr 2023-09-11 18:35:18,238 | server.py:166 | evaluate_round 42: no clients selected, cancel
[2023-09-11 18:35:18,238][flwr][INFO] - evaluate_round 42: no clients selected, cancel
DEBUG flwr 2023-09-11 18:35:18,238 | server.py:218 | fit_round 43: strategy sampled 10 clients (out of 100)
[2023-09-11 18:35:18,238][flwr][DEBUG] - fit_round 43: strategy sampled 10 clients (out of 100)
DEBUG flwr 2023-09-11 18:35:26,363 | server.py:232 | fit_round 43 received 10 results and 0 failures
[2023-09-11 18:35:26,363][flwr][DEBUG] - fit_round 43 received 10 results and 0 failures
INFO flwr 2023-09-11 18:35:29,715 | server.py:119 | fit progress: (43, 351.0232801437378, {'accuracy': 0.3423}, 468.5153505579801)
[2023-09-11 18:35:29,715][flwr][INFO] - fit progress: (43, 351.0232801437378, {'accuracy': 0.3423}, 468.5153505579801)
INFO flwr 2023-09-11 18:35:29,715 | server.py:166 | evaluate_round 43: no clients selected, cancel
[2023-09-11 18:35:29,715][flwr][INFO] - evaluate_round 43: no clients selected, cancel
DEBUG flwr 2023-09-11 18:35:29,715 | server.py:218 | fit_round 44: strategy sampled 10 clients (out of 100)
[2023-09-11 18:35:29,715][flwr][DEBUG] - fit_round 44: strategy sampled 10 clients (out of 100)
DEBUG flwr 2023-09-11 18:35:37,033 | server.py:232 | fit_round 44 received 10 results and 0 failures
[2023-09-11 18:35:37,033][flwr][DEBUG] - fit_round 44 received 10 results and 0 failures
INFO flwr 2023-09-11 18:35:40,366 | server.py:119 | fit progress: (44, 389.67750692367554, {'accuracy': 0.2757}, 479.1662388390396)
[2023-09-11 18:35:40,366][flwr][INFO] - fit progress: (44, 389.67750692367554, {'accuracy': 0.2757}, 479.1662388390396)
INFO flwr 2023-09-11 18:35:40,366 | server.py:166 | evaluate_round 44: no clients selected, cancel
[2023-09-11 18:35:40,366][flwr][INFO] - evaluate_round 44: no clients selected, cancel
DEBUG flwr 2023-09-11 18:35:40,366 | server.py:218 | fit_round 45: strategy sampled 10 clients (out of 100)
[2023-09-11 18:35:40,366][flwr][DEBUG] - fit_round 45: strategy sampled 10 clients (out of 100)
DEBUG flwr 2023-09-11 18:35:48,487 | server.py:232 | fit_round 45 received 10 results and 0 failures
[2023-09-11 18:35:48,487][flwr][DEBUG] - fit_round 45 received 10 results and 0 failures
INFO flwr 2023-09-11 18:35:51,802 | server.py:119 | fit progress: (45, 386.3942207098007, {'accuracy': 0.2954}, 490.602354984032)
[2023-09-11 18:35:51,802][flwr][INFO] - fit progress: (45, 386.3942207098007, {'accuracy': 0.2954}, 490.602354984032)
INFO flwr 2023-09-11 18:35:51,802 | server.py:166 | evaluate_round 45: no clients selected, cancel
[2023-09-11 18:35:51,802][flwr][INFO] - evaluate_round 45: no clients selected, cancel
DEBUG flwr 2023-09-11 18:35:51,802 | server.py:218 | fit_round 46: strategy sampled 10 clients (out of 100)
[2023-09-11 18:35:51,802][flwr][DEBUG] - fit_round 46: strategy sampled 10 clients (out of 100)
DEBUG flwr 2023-09-11 18:35:59,590 | server.py:232 | fit_round 46 received 10 results and 0 failures
[2023-09-11 18:35:59,590][flwr][DEBUG] - fit_round 46 received 10 results and 0 failures
INFO flwr 2023-09-11 18:36:02,912 | server.py:119 | fit progress: (46, 356.53268814086914, {'accuracy': 0.3554}, 501.71216299396474)
[2023-09-11 18:36:02,912][flwr][INFO] - fit progress: (46, 356.53268814086914, {'accuracy': 0.3554}, 501.71216299396474)
INFO flwr 2023-09-11 18:36:02,912 | server.py:166 | evaluate_round 46: no clients selected, cancel
[2023-09-11 18:36:02,912][flwr][INFO] - evaluate_round 46: no clients selected, cancel
DEBUG flwr 2023-09-11 18:36:02,912 | server.py:218 | fit_round 47: strategy sampled 10 clients (out of 100)
[2023-09-11 18:36:02,912][flwr][DEBUG] - fit_round 47: strategy sampled 10 clients (out of 100)
DEBUG flwr 2023-09-11 18:36:10,264 | server.py:232 | fit_round 47 received 10 results and 0 failures
[2023-09-11 18:36:10,264][flwr][DEBUG] - fit_round 47 received 10 results and 0 failures
INFO flwr 2023-09-11 18:36:13,627 | server.py:119 | fit progress: (47, 388.409628868103, {'accuracy': 0.3097}, 512.4271478559822)
[2023-09-11 18:36:13,627][flwr][INFO] - fit progress: (47, 388.409628868103, {'accuracy': 0.3097}, 512.4271478559822)
INFO flwr 2023-09-11 18:36:13,627 | server.py:166 | evaluate_round 47: no clients selected, cancel
[2023-09-11 18:36:13,627][flwr][INFO] - evaluate_round 47: no clients selected, cancel
DEBUG flwr 2023-09-11 18:36:13,627 | server.py:218 | fit_round 48: strategy sampled 10 clients (out of 100)
[2023-09-11 18:36:13,627][flwr][DEBUG] - fit_round 48: strategy sampled 10 clients (out of 100)
DEBUG flwr 2023-09-11 18:36:20,912 | server.py:232 | fit_round 48 received 10 results and 0 failures
[2023-09-11 18:36:20,912][flwr][DEBUG] - fit_round 48 received 10 results and 0 failures
INFO flwr 2023-09-11 18:36:24,233 | server.py:119 | fit progress: (48, 481.86994528770447, {'accuracy': 0.2579}, 523.0337149989791)
[2023-09-11 18:36:24,233][flwr][INFO] - fit progress: (48, 481.86994528770447, {'accuracy': 0.2579}, 523.0337149989791)
INFO flwr 2023-09-11 18:36:24,233 | server.py:166 | evaluate_round 48: no clients selected, cancel
[2023-09-11 18:36:24,233][flwr][INFO] - evaluate_round 48: no clients selected, cancel
DEBUG flwr 2023-09-11 18:36:24,234 | server.py:218 | fit_round 49: strategy sampled 10 clients (out of 100)
[2023-09-11 18:36:24,234][flwr][DEBUG] - fit_round 49: strategy sampled 10 clients (out of 100)
DEBUG flwr 2023-09-11 18:36:31,560 | server.py:232 | fit_round 49 received 10 results and 0 failures
[2023-09-11 18:36:31,560][flwr][DEBUG] - fit_round 49 received 10 results and 0 failures
INFO flwr 2023-09-11 18:36:34,883 | server.py:119 | fit progress: (49, 485.045401930809, {'accuracy': 0.2622}, 533.6835855860263)
[2023-09-11 18:36:34,883][flwr][INFO] - fit progress: (49, 485.045401930809, {'accuracy': 0.2622}, 533.6835855860263)
INFO flwr 2023-09-11 18:36:34,883 | server.py:166 | evaluate_round 49: no clients selected, cancel
[2023-09-11 18:36:34,883][flwr][INFO] - evaluate_round 49: no clients selected, cancel
DEBUG flwr 2023-09-11 18:36:34,883 | server.py:218 | fit_round 50: strategy sampled 10 clients (out of 100)
[2023-09-11 18:36:34,883][flwr][DEBUG] - fit_round 50: strategy sampled 10 clients (out of 100)
DEBUG flwr 2023-09-11 18:36:42,878 | server.py:232 | fit_round 50 received 10 results and 0 failures
[2023-09-11 18:36:42,878][flwr][DEBUG] - fit_round 50 received 10 results and 0 failures
INFO flwr 2023-09-11 18:36:46,211 | server.py:119 | fit progress: (50, 430.2370491027832, {'accuracy': 0.2784}, 545.0116299239453)
[2023-09-11 18:36:46,211][flwr][INFO] - fit progress: (50, 430.2370491027832, {'accuracy': 0.2784}, 545.0116299239453)
INFO flwr 2023-09-11 18:36:46,211 | server.py:166 | evaluate_round 50: no clients selected, cancel
[2023-09-11 18:36:46,211][flwr][INFO] - evaluate_round 50: no clients selected, cancel
DEBUG flwr 2023-09-11 18:36:46,212 | server.py:218 | fit_round 51: strategy sampled 10 clients (out of 100)
[2023-09-11 18:36:46,212][flwr][DEBUG] - fit_round 51: strategy sampled 10 clients (out of 100)
DEBUG flwr 2023-09-11 18:36:53,457 | server.py:232 | fit_round 51 received 10 results and 0 failures
[2023-09-11 18:36:53,457][flwr][DEBUG] - fit_round 51 received 10 results and 0 failures
INFO flwr 2023-09-11 18:36:56,790 | server.py:119 | fit progress: (51, 418.30359077453613, {'accuracy': 0.2935}, 555.5903483600123)
[2023-09-11 18:36:56,790][flwr][INFO] - fit progress: (51, 418.30359077453613, {'accuracy': 0.2935}, 555.5903483600123)
INFO flwr 2023-09-11 18:36:56,790 | server.py:166 | evaluate_round 51: no clients selected, cancel
[2023-09-11 18:36:56,790][flwr][INFO] - evaluate_round 51: no clients selected, cancel
DEBUG flwr 2023-09-11 18:36:56,790 | server.py:218 | fit_round 52: strategy sampled 10 clients (out of 100)
[2023-09-11 18:36:56,790][flwr][DEBUG] - fit_round 52: strategy sampled 10 clients (out of 100)
DEBUG flwr 2023-09-11 18:37:04,291 | server.py:232 | fit_round 52 received 10 results and 0 failures
[2023-09-11 18:37:04,291][flwr][DEBUG] - fit_round 52 received 10 results and 0 failures
INFO flwr 2023-09-11 18:37:07,620 | server.py:119 | fit progress: (52, 425.2372077703476, {'accuracy': 0.2801}, 566.4206834599609)
[2023-09-11 18:37:07,620][flwr][INFO] - fit progress: (52, 425.2372077703476, {'accuracy': 0.2801}, 566.4206834599609)
INFO flwr 2023-09-11 18:37:07,620 | server.py:166 | evaluate_round 52: no clients selected, cancel
[2023-09-11 18:37:07,620][flwr][INFO] - evaluate_round 52: no clients selected, cancel
DEBUG flwr 2023-09-11 18:37:07,621 | server.py:218 | fit_round 53: strategy sampled 10 clients (out of 100)
[2023-09-11 18:37:07,621][flwr][DEBUG] - fit_round 53: strategy sampled 10 clients (out of 100)
DEBUG flwr 2023-09-11 18:37:14,976 | server.py:232 | fit_round 53 received 10 results and 0 failures
[2023-09-11 18:37:14,976][flwr][DEBUG] - fit_round 53 received 10 results and 0 failures
INFO flwr 2023-09-11 18:37:18,290 | server.py:119 | fit progress: (53, 403.8726495504379, {'accuracy': 0.2956}, 577.0906883720309)
[2023-09-11 18:37:18,290][flwr][INFO] - fit progress: (53, 403.8726495504379, {'accuracy': 0.2956}, 577.0906883720309)
INFO flwr 2023-09-11 18:37:18,290 | server.py:166 | evaluate_round 53: no clients selected, cancel
[2023-09-11 18:37:18,290][flwr][INFO] - evaluate_round 53: no clients selected, cancel
DEBUG flwr 2023-09-11 18:37:18,291 | server.py:218 | fit_round 54: strategy sampled 10 clients (out of 100)
[2023-09-11 18:37:18,291][flwr][DEBUG] - fit_round 54: strategy sampled 10 clients (out of 100)
DEBUG flwr 2023-09-11 18:37:25,511 | server.py:232 | fit_round 54 received 10 results and 0 failures
[2023-09-11 18:37:25,511][flwr][DEBUG] - fit_round 54 received 10 results and 0 failures
INFO flwr 2023-09-11 18:37:28,863 | server.py:119 | fit progress: (54, 394.3707745075226, {'accuracy': 0.256}, 587.6634668849874)
[2023-09-11 18:37:28,863][flwr][INFO] - fit progress: (54, 394.3707745075226, {'accuracy': 0.256}, 587.6634668849874)
INFO flwr 2023-09-11 18:37:28,863 | server.py:166 | evaluate_round 54: no clients selected, cancel
[2023-09-11 18:37:28,863][flwr][INFO] - evaluate_round 54: no clients selected, cancel
DEBUG flwr 2023-09-11 18:37:28,863 | server.py:218 | fit_round 55: strategy sampled 10 clients (out of 100)
[2023-09-11 18:37:28,863][flwr][DEBUG] - fit_round 55: strategy sampled 10 clients (out of 100)
DEBUG flwr 2023-09-11 18:37:36,429 | server.py:232 | fit_round 55 received 10 results and 0 failures
[2023-09-11 18:37:36,429][flwr][DEBUG] - fit_round 55 received 10 results and 0 failures
INFO flwr 2023-09-11 18:37:39,779 | server.py:119 | fit progress: (55, 377.42696583271027, {'accuracy': 0.3062}, 598.5789395279717)
[2023-09-11 18:37:39,779][flwr][INFO] - fit progress: (55, 377.42696583271027, {'accuracy': 0.3062}, 598.5789395279717)
INFO flwr 2023-09-11 18:37:39,779 | server.py:166 | evaluate_round 55: no clients selected, cancel
[2023-09-11 18:37:39,779][flwr][INFO] - evaluate_round 55: no clients selected, cancel
DEBUG flwr 2023-09-11 18:37:39,779 | server.py:218 | fit_round 56: strategy sampled 10 clients (out of 100)
[2023-09-11 18:37:39,779][flwr][DEBUG] - fit_round 56: strategy sampled 10 clients (out of 100)
DEBUG flwr 2023-09-11 18:37:47,212 | server.py:232 | fit_round 56 received 10 results and 0 failures
[2023-09-11 18:37:47,212][flwr][DEBUG] - fit_round 56 received 10 results and 0 failures
INFO flwr 2023-09-11 18:37:50,538 | server.py:119 | fit progress: (56, 412.0639714002609, {'accuracy': 0.2911}, 609.3380549249705)
[2023-09-11 18:37:50,538][flwr][INFO] - fit progress: (56, 412.0639714002609, {'accuracy': 0.2911}, 609.3380549249705)
INFO flwr 2023-09-11 18:37:50,538 | server.py:166 | evaluate_round 56: no clients selected, cancel
[2023-09-11 18:37:50,538][flwr][INFO] - evaluate_round 56: no clients selected, cancel
DEBUG flwr 2023-09-11 18:37:50,538 | server.py:218 | fit_round 57: strategy sampled 10 clients (out of 100)
[2023-09-11 18:37:50,538][flwr][DEBUG] - fit_round 57: strategy sampled 10 clients (out of 100)
DEBUG flwr 2023-09-11 18:37:57,792 | server.py:232 | fit_round 57 received 10 results and 0 failures
[2023-09-11 18:37:57,792][flwr][DEBUG] - fit_round 57 received 10 results and 0 failures
INFO flwr 2023-09-11 18:38:01,154 | server.py:119 | fit progress: (57, 422.574605345726, {'accuracy': 0.2601}, 619.9539476919454)
[2023-09-11 18:38:01,154][flwr][INFO] - fit progress: (57, 422.574605345726, {'accuracy': 0.2601}, 619.9539476919454)
INFO flwr 2023-09-11 18:38:01,154 | server.py:166 | evaluate_round 57: no clients selected, cancel
[2023-09-11 18:38:01,154][flwr][INFO] - evaluate_round 57: no clients selected, cancel
DEBUG flwr 2023-09-11 18:38:01,154 | server.py:218 | fit_round 58: strategy sampled 10 clients (out of 100)
[2023-09-11 18:38:01,154][flwr][DEBUG] - fit_round 58: strategy sampled 10 clients (out of 100)
DEBUG flwr 2023-09-11 18:38:08,771 | server.py:232 | fit_round 58 received 10 results and 0 failures
[2023-09-11 18:38:08,771][flwr][DEBUG] - fit_round 58 received 10 results and 0 failures
INFO flwr 2023-09-11 18:38:12,089 | server.py:119 | fit progress: (58, 374.3420730829239, {'accuracy': 0.3227}, 630.8895951299928)
[2023-09-11 18:38:12,089][flwr][INFO] - fit progress: (58, 374.3420730829239, {'accuracy': 0.3227}, 630.8895951299928)
INFO flwr 2023-09-11 18:38:12,089 | server.py:166 | evaluate_round 58: no clients selected, cancel
[2023-09-11 18:38:12,089][flwr][INFO] - evaluate_round 58: no clients selected, cancel
DEBUG flwr 2023-09-11 18:38:12,089 | server.py:218 | fit_round 59: strategy sampled 10 clients (out of 100)
[2023-09-11 18:38:12,089][flwr][DEBUG] - fit_round 59: strategy sampled 10 clients (out of 100)
DEBUG flwr 2023-09-11 18:38:19,596 | server.py:232 | fit_round 59 received 10 results and 0 failures
[2023-09-11 18:38:19,596][flwr][DEBUG] - fit_round 59 received 10 results and 0 failures
INFO flwr 2023-09-11 18:38:22,952 | server.py:119 | fit progress: (59, 381.5360369682312, {'accuracy': 0.3327}, 641.7526016839547)
[2023-09-11 18:38:22,952][flwr][INFO] - fit progress: (59, 381.5360369682312, {'accuracy': 0.3327}, 641.7526016839547)
INFO flwr 2023-09-11 18:38:22,952 | server.py:166 | evaluate_round 59: no clients selected, cancel
[2023-09-11 18:38:22,952][flwr][INFO] - evaluate_round 59: no clients selected, cancel
DEBUG flwr 2023-09-11 18:38:22,952 | server.py:218 | fit_round 60: strategy sampled 10 clients (out of 100)
[2023-09-11 18:38:22,952][flwr][DEBUG] - fit_round 60: strategy sampled 10 clients (out of 100)
DEBUG flwr 2023-09-11 18:38:30,449 | server.py:232 | fit_round 60 received 10 results and 0 failures
[2023-09-11 18:38:30,449][flwr][DEBUG] - fit_round 60 received 10 results and 0 failures
INFO flwr 2023-09-11 18:38:33,802 | server.py:119 | fit progress: (60, 420.62070059776306, {'accuracy': 0.2889}, 652.6023041330045)
[2023-09-11 18:38:33,802][flwr][INFO] - fit progress: (60, 420.62070059776306, {'accuracy': 0.2889}, 652.6023041330045)
INFO flwr 2023-09-11 18:38:33,802 | server.py:166 | evaluate_round 60: no clients selected, cancel
[2023-09-11 18:38:33,802][flwr][INFO] - evaluate_round 60: no clients selected, cancel
DEBUG flwr 2023-09-11 18:38:33,802 | server.py:218 | fit_round 61: strategy sampled 10 clients (out of 100)
[2023-09-11 18:38:33,802][flwr][DEBUG] - fit_round 61: strategy sampled 10 clients (out of 100)
DEBUG flwr 2023-09-11 18:38:41,505 | server.py:232 | fit_round 61 received 10 results and 0 failures
[2023-09-11 18:38:41,505][flwr][DEBUG] - fit_round 61 received 10 results and 0 failures
INFO flwr 2023-09-11 18:38:44,829 | server.py:119 | fit progress: (61, 410.09915816783905, {'accuracy': 0.285}, 663.6293192210142)
[2023-09-11 18:38:44,829][flwr][INFO] - fit progress: (61, 410.09915816783905, {'accuracy': 0.285}, 663.6293192210142)
INFO flwr 2023-09-11 18:38:44,829 | server.py:166 | evaluate_round 61: no clients selected, cancel
[2023-09-11 18:38:44,829][flwr][INFO] - evaluate_round 61: no clients selected, cancel
DEBUG flwr 2023-09-11 18:38:44,829 | server.py:218 | fit_round 62: strategy sampled 10 clients (out of 100)
[2023-09-11 18:38:44,829][flwr][DEBUG] - fit_round 62: strategy sampled 10 clients (out of 100)
DEBUG flwr 2023-09-11 18:38:52,346 | server.py:232 | fit_round 62 received 10 results and 0 failures
[2023-09-11 18:38:52,346][flwr][DEBUG] - fit_round 62 received 10 results and 0 failures
INFO flwr 2023-09-11 18:38:55,704 | server.py:119 | fit progress: (62, 371.6534495353699, {'accuracy': 0.3382}, 674.5047789680539)
[2023-09-11 18:38:55,704][flwr][INFO] - fit progress: (62, 371.6534495353699, {'accuracy': 0.3382}, 674.5047789680539)
INFO flwr 2023-09-11 18:38:55,705 | server.py:166 | evaluate_round 62: no clients selected, cancel
[2023-09-11 18:38:55,705][flwr][INFO] - evaluate_round 62: no clients selected, cancel
DEBUG flwr 2023-09-11 18:38:55,705 | server.py:218 | fit_round 63: strategy sampled 10 clients (out of 100)
[2023-09-11 18:38:55,705][flwr][DEBUG] - fit_round 63: strategy sampled 10 clients (out of 100)
DEBUG flwr 2023-09-11 18:39:03,137 | server.py:232 | fit_round 63 received 10 results and 0 failures
[2023-09-11 18:39:03,137][flwr][DEBUG] - fit_round 63 received 10 results and 0 failures
INFO flwr 2023-09-11 18:39:06,488 | server.py:119 | fit progress: (63, 399.1911995410919, {'accuracy': 0.3114}, 685.2888548430055)
[2023-09-11 18:39:06,488][flwr][INFO] - fit progress: (63, 399.1911995410919, {'accuracy': 0.3114}, 685.2888548430055)
INFO flwr 2023-09-11 18:39:06,489 | server.py:166 | evaluate_round 63: no clients selected, cancel
[2023-09-11 18:39:06,489][flwr][INFO] - evaluate_round 63: no clients selected, cancel
DEBUG flwr 2023-09-11 18:39:06,489 | server.py:218 | fit_round 64: strategy sampled 10 clients (out of 100)
[2023-09-11 18:39:06,489][flwr][DEBUG] - fit_round 64: strategy sampled 10 clients (out of 100)
DEBUG flwr 2023-09-11 18:39:14,063 | server.py:232 | fit_round 64 received 10 results and 0 failures
[2023-09-11 18:39:14,063][flwr][DEBUG] - fit_round 64 received 10 results and 0 failures
INFO flwr 2023-09-11 18:39:17,416 | server.py:119 | fit progress: (64, 418.4368782043457, {'accuracy': 0.3351}, 696.2165270310361)
[2023-09-11 18:39:17,416][flwr][INFO] - fit progress: (64, 418.4368782043457, {'accuracy': 0.3351}, 696.2165270310361)
INFO flwr 2023-09-11 18:39:17,416 | server.py:166 | evaluate_round 64: no clients selected, cancel
[2023-09-11 18:39:17,416][flwr][INFO] - evaluate_round 64: no clients selected, cancel
DEBUG flwr 2023-09-11 18:39:17,416 | server.py:218 | fit_round 65: strategy sampled 10 clients (out of 100)
[2023-09-11 18:39:17,416][flwr][DEBUG] - fit_round 65: strategy sampled 10 clients (out of 100)
DEBUG flwr 2023-09-11 18:39:24,630 | server.py:232 | fit_round 65 received 10 results and 0 failures
[2023-09-11 18:39:24,630][flwr][DEBUG] - fit_round 65 received 10 results and 0 failures
INFO flwr 2023-09-11 18:39:27,958 | server.py:119 | fit progress: (65, 395.81425189971924, {'accuracy': 0.3119}, 706.7582058840198)
[2023-09-11 18:39:27,958][flwr][INFO] - fit progress: (65, 395.81425189971924, {'accuracy': 0.3119}, 706.7582058840198)
INFO flwr 2023-09-11 18:39:27,958 | server.py:166 | evaluate_round 65: no clients selected, cancel
[2023-09-11 18:39:27,958][flwr][INFO] - evaluate_round 65: no clients selected, cancel
DEBUG flwr 2023-09-11 18:39:27,958 | server.py:218 | fit_round 66: strategy sampled 10 clients (out of 100)
[2023-09-11 18:39:27,958][flwr][DEBUG] - fit_round 66: strategy sampled 10 clients (out of 100)
DEBUG flwr 2023-09-11 18:39:35,470 | server.py:232 | fit_round 66 received 10 results and 0 failures
[2023-09-11 18:39:35,470][flwr][DEBUG] - fit_round 66 received 10 results and 0 failures
INFO flwr 2023-09-11 18:39:38,826 | server.py:119 | fit progress: (66, 344.5653340816498, {'accuracy': 0.3453}, 717.6265118409647)
[2023-09-11 18:39:38,826][flwr][INFO] - fit progress: (66, 344.5653340816498, {'accuracy': 0.3453}, 717.6265118409647)
INFO flwr 2023-09-11 18:39:38,826 | server.py:166 | evaluate_round 66: no clients selected, cancel
[2023-09-11 18:39:38,826][flwr][INFO] - evaluate_round 66: no clients selected, cancel
DEBUG flwr 2023-09-11 18:39:38,826 | server.py:218 | fit_round 67: strategy sampled 10 clients (out of 100)
[2023-09-11 18:39:38,826][flwr][DEBUG] - fit_round 67: strategy sampled 10 clients (out of 100)
DEBUG flwr 2023-09-11 18:39:46,286 | server.py:232 | fit_round 67 received 10 results and 0 failures
[2023-09-11 18:39:46,286][flwr][DEBUG] - fit_round 67 received 10 results and 0 failures
INFO flwr 2023-09-11 18:39:49,630 | server.py:119 | fit progress: (67, 323.336252450943, {'accuracy': 0.4056}, 728.4306220529834)
[2023-09-11 18:39:49,630][flwr][INFO] - fit progress: (67, 323.336252450943, {'accuracy': 0.4056}, 728.4306220529834)
INFO flwr 2023-09-11 18:39:49,630 | server.py:166 | evaluate_round 67: no clients selected, cancel
[2023-09-11 18:39:49,630][flwr][INFO] - evaluate_round 67: no clients selected, cancel
DEBUG flwr 2023-09-11 18:39:49,630 | server.py:218 | fit_round 68: strategy sampled 10 clients (out of 100)
[2023-09-11 18:39:49,630][flwr][DEBUG] - fit_round 68: strategy sampled 10 clients (out of 100)
DEBUG flwr 2023-09-11 18:39:56,881 | server.py:232 | fit_round 68 received 10 results and 0 failures
[2023-09-11 18:39:56,881][flwr][DEBUG] - fit_round 68 received 10 results and 0 failures
INFO flwr 2023-09-11 18:40:00,202 | server.py:119 | fit progress: (68, 352.1867402791977, {'accuracy': 0.3197}, 739.0026487599825)
[2023-09-11 18:40:00,202][flwr][INFO] - fit progress: (68, 352.1867402791977, {'accuracy': 0.3197}, 739.0026487599825)
INFO flwr 2023-09-11 18:40:00,202 | server.py:166 | evaluate_round 68: no clients selected, cancel
[2023-09-11 18:40:00,202][flwr][INFO] - evaluate_round 68: no clients selected, cancel
DEBUG flwr 2023-09-11 18:40:00,202 | server.py:218 | fit_round 69: strategy sampled 10 clients (out of 100)
[2023-09-11 18:40:00,202][flwr][DEBUG] - fit_round 69: strategy sampled 10 clients (out of 100)
DEBUG flwr 2023-09-11 18:40:07,898 | server.py:232 | fit_round 69 received 10 results and 0 failures
[2023-09-11 18:40:07,898][flwr][DEBUG] - fit_round 69 received 10 results and 0 failures
INFO flwr 2023-09-11 18:40:11,241 | server.py:119 | fit progress: (69, 381.0764670372009, {'accuracy': 0.3243}, 750.041345607955)
[2023-09-11 18:40:11,241][flwr][INFO] - fit progress: (69, 381.0764670372009, {'accuracy': 0.3243}, 750.041345607955)
INFO flwr 2023-09-11 18:40:11,241 | server.py:166 | evaluate_round 69: no clients selected, cancel
[2023-09-11 18:40:11,241][flwr][INFO] - evaluate_round 69: no clients selected, cancel
DEBUG flwr 2023-09-11 18:40:11,241 | server.py:218 | fit_round 70: strategy sampled 10 clients (out of 100)
[2023-09-11 18:40:11,241][flwr][DEBUG] - fit_round 70: strategy sampled 10 clients (out of 100)
DEBUG flwr 2023-09-11 18:40:18,722 | server.py:232 | fit_round 70 received 10 results and 0 failures
[2023-09-11 18:40:18,722][flwr][DEBUG] - fit_round 70 received 10 results and 0 failures
INFO flwr 2023-09-11 18:40:22,080 | server.py:119 | fit progress: (70, 393.3516799211502, {'accuracy': 0.3336}, 760.8803154260386)
[2023-09-11 18:40:22,080][flwr][INFO] - fit progress: (70, 393.3516799211502, {'accuracy': 0.3336}, 760.8803154260386)
INFO flwr 2023-09-11 18:40:22,080 | server.py:166 | evaluate_round 70: no clients selected, cancel
[2023-09-11 18:40:22,080][flwr][INFO] - evaluate_round 70: no clients selected, cancel
DEBUG flwr 2023-09-11 18:40:22,080 | server.py:218 | fit_round 71: strategy sampled 10 clients (out of 100)
[2023-09-11 18:40:22,080][flwr][DEBUG] - fit_round 71: strategy sampled 10 clients (out of 100)
DEBUG flwr 2023-09-11 18:40:29,769 | server.py:232 | fit_round 71 received 10 results and 0 failures
[2023-09-11 18:40:29,769][flwr][DEBUG] - fit_round 71 received 10 results and 0 failures
INFO flwr 2023-09-11 18:40:33,081 | server.py:119 | fit progress: (71, 386.96900165081024, {'accuracy': 0.3194}, 771.8816835669568)
[2023-09-11 18:40:33,081][flwr][INFO] - fit progress: (71, 386.96900165081024, {'accuracy': 0.3194}, 771.8816835669568)
INFO flwr 2023-09-11 18:40:33,081 | server.py:166 | evaluate_round 71: no clients selected, cancel
[2023-09-11 18:40:33,081][flwr][INFO] - evaluate_round 71: no clients selected, cancel
DEBUG flwr 2023-09-11 18:40:33,082 | server.py:218 | fit_round 72: strategy sampled 10 clients (out of 100)
[2023-09-11 18:40:33,082][flwr][DEBUG] - fit_round 72: strategy sampled 10 clients (out of 100)
DEBUG flwr 2023-09-11 18:40:40,566 | server.py:232 | fit_round 72 received 10 results and 0 failures
[2023-09-11 18:40:40,566][flwr][DEBUG] - fit_round 72 received 10 results and 0 failures
INFO flwr 2023-09-11 18:40:43,912 | server.py:119 | fit progress: (72, 347.21881318092346, {'accuracy': 0.3408}, 782.7126559519675)
[2023-09-11 18:40:43,912][flwr][INFO] - fit progress: (72, 347.21881318092346, {'accuracy': 0.3408}, 782.7126559519675)
INFO flwr 2023-09-11 18:40:43,912 | server.py:166 | evaluate_round 72: no clients selected, cancel
[2023-09-11 18:40:43,912][flwr][INFO] - evaluate_round 72: no clients selected, cancel
DEBUG flwr 2023-09-11 18:40:43,912 | server.py:218 | fit_round 73: strategy sampled 10 clients (out of 100)
[2023-09-11 18:40:43,912][flwr][DEBUG] - fit_round 73: strategy sampled 10 clients (out of 100)
DEBUG flwr 2023-09-11 18:40:51,305 | server.py:232 | fit_round 73 received 10 results and 0 failures
[2023-09-11 18:40:51,305][flwr][DEBUG] - fit_round 73 received 10 results and 0 failures
INFO flwr 2023-09-11 18:40:54,640 | server.py:119 | fit progress: (73, 317.1384069919586, {'accuracy': 0.3966}, 793.4402262170333)
[2023-09-11 18:40:54,640][flwr][INFO] - fit progress: (73, 317.1384069919586, {'accuracy': 0.3966}, 793.4402262170333)
INFO flwr 2023-09-11 18:40:54,640 | server.py:166 | evaluate_round 73: no clients selected, cancel
[2023-09-11 18:40:54,640][flwr][INFO] - evaluate_round 73: no clients selected, cancel
DEBUG flwr 2023-09-11 18:40:54,640 | server.py:218 | fit_round 74: strategy sampled 10 clients (out of 100)
[2023-09-11 18:40:54,640][flwr][DEBUG] - fit_round 74: strategy sampled 10 clients (out of 100)
DEBUG flwr 2023-09-11 18:41:02,138 | server.py:232 | fit_round 74 received 10 results and 0 failures
[2023-09-11 18:41:02,138][flwr][DEBUG] - fit_round 74 received 10 results and 0 failures
INFO flwr 2023-09-11 18:41:05,470 | server.py:119 | fit progress: (74, 322.3015283346176, {'accuracy': 0.3919}, 804.2706732020015)
[2023-09-11 18:41:05,470][flwr][INFO] - fit progress: (74, 322.3015283346176, {'accuracy': 0.3919}, 804.2706732020015)
INFO flwr 2023-09-11 18:41:05,470 | server.py:166 | evaluate_round 74: no clients selected, cancel
[2023-09-11 18:41:05,470][flwr][INFO] - evaluate_round 74: no clients selected, cancel
DEBUG flwr 2023-09-11 18:41:05,470 | server.py:218 | fit_round 75: strategy sampled 10 clients (out of 100)
[2023-09-11 18:41:05,470][flwr][DEBUG] - fit_round 75: strategy sampled 10 clients (out of 100)
DEBUG flwr 2023-09-11 18:41:12,684 | server.py:232 | fit_round 75 received 10 results and 0 failures
[2023-09-11 18:41:12,684][flwr][DEBUG] - fit_round 75 received 10 results and 0 failures
INFO flwr 2023-09-11 18:41:16,012 | server.py:119 | fit progress: (75, 362.15476512908936, {'accuracy': 0.3357}, 814.8119659150252)
[2023-09-11 18:41:16,012][flwr][INFO] - fit progress: (75, 362.15476512908936, {'accuracy': 0.3357}, 814.8119659150252)
INFO flwr 2023-09-11 18:41:16,012 | server.py:166 | evaluate_round 75: no clients selected, cancel
[2023-09-11 18:41:16,012][flwr][INFO] - evaluate_round 75: no clients selected, cancel
DEBUG flwr 2023-09-11 18:41:16,012 | server.py:218 | fit_round 76: strategy sampled 10 clients (out of 100)
[2023-09-11 18:41:16,012][flwr][DEBUG] - fit_round 76: strategy sampled 10 clients (out of 100)
DEBUG flwr 2023-09-11 18:41:23,518 | server.py:232 | fit_round 76 received 10 results and 0 failures
[2023-09-11 18:41:23,518][flwr][DEBUG] - fit_round 76 received 10 results and 0 failures
INFO flwr 2023-09-11 18:41:26,833 | server.py:119 | fit progress: (76, 386.55730617046356, {'accuracy': 0.2997}, 825.6330171249574)
[2023-09-11 18:41:26,833][flwr][INFO] - fit progress: (76, 386.55730617046356, {'accuracy': 0.2997}, 825.6330171249574)
INFO flwr 2023-09-11 18:41:26,833 | server.py:166 | evaluate_round 76: no clients selected, cancel
[2023-09-11 18:41:26,833][flwr][INFO] - evaluate_round 76: no clients selected, cancel
DEBUG flwr 2023-09-11 18:41:26,833 | server.py:218 | fit_round 77: strategy sampled 10 clients (out of 100)
[2023-09-11 18:41:26,833][flwr][DEBUG] - fit_round 77: strategy sampled 10 clients (out of 100)
DEBUG flwr 2023-09-11 18:41:34,509 | server.py:232 | fit_round 77 received 10 results and 0 failures
[2023-09-11 18:41:34,509][flwr][DEBUG] - fit_round 77 received 10 results and 0 failures
INFO flwr 2023-09-11 18:41:37,842 | server.py:119 | fit progress: (77, 371.620409488678, {'accuracy': 0.3115}, 836.6421337500215)
[2023-09-11 18:41:37,842][flwr][INFO] - fit progress: (77, 371.620409488678, {'accuracy': 0.3115}, 836.6421337500215)
INFO flwr 2023-09-11 18:41:37,842 | server.py:166 | evaluate_round 77: no clients selected, cancel
[2023-09-11 18:41:37,842][flwr][INFO] - evaluate_round 77: no clients selected, cancel
DEBUG flwr 2023-09-11 18:41:37,842 | server.py:218 | fit_round 78: strategy sampled 10 clients (out of 100)
[2023-09-11 18:41:37,842][flwr][DEBUG] - fit_round 78: strategy sampled 10 clients (out of 100)
DEBUG flwr 2023-09-11 18:41:45,470 | server.py:232 | fit_round 78 received 10 results and 0 failures
[2023-09-11 18:41:45,470][flwr][DEBUG] - fit_round 78 received 10 results and 0 failures
INFO flwr 2023-09-11 18:41:48,779 | server.py:119 | fit progress: (78, 344.35956847667694, {'accuracy': 0.3536}, 847.5794937340543)
[2023-09-11 18:41:48,779][flwr][INFO] - fit progress: (78, 344.35956847667694, {'accuracy': 0.3536}, 847.5794937340543)
INFO flwr 2023-09-11 18:41:48,779 | server.py:166 | evaluate_round 78: no clients selected, cancel
[2023-09-11 18:41:48,779][flwr][INFO] - evaluate_round 78: no clients selected, cancel
DEBUG flwr 2023-09-11 18:41:48,779 | server.py:218 | fit_round 79: strategy sampled 10 clients (out of 100)
[2023-09-11 18:41:48,779][flwr][DEBUG] - fit_round 79: strategy sampled 10 clients (out of 100)
DEBUG flwr 2023-09-11 18:41:56,355 | server.py:232 | fit_round 79 received 10 results and 0 failures
[2023-09-11 18:41:56,355][flwr][DEBUG] - fit_round 79 received 10 results and 0 failures
INFO flwr 2023-09-11 18:41:59,675 | server.py:119 | fit progress: (79, 355.0218279361725, {'accuracy': 0.3653}, 858.4754493560176)
[2023-09-11 18:41:59,675][flwr][INFO] - fit progress: (79, 355.0218279361725, {'accuracy': 0.3653}, 858.4754493560176)
INFO flwr 2023-09-11 18:41:59,675 | server.py:166 | evaluate_round 79: no clients selected, cancel
[2023-09-11 18:41:59,675][flwr][INFO] - evaluate_round 79: no clients selected, cancel
DEBUG flwr 2023-09-11 18:41:59,675 | server.py:218 | fit_round 80: strategy sampled 10 clients (out of 100)
[2023-09-11 18:41:59,675][flwr][DEBUG] - fit_round 80: strategy sampled 10 clients (out of 100)
DEBUG flwr 2023-09-11 18:42:07,063 | server.py:232 | fit_round 80 received 10 results and 0 failures
[2023-09-11 18:42:07,063][flwr][DEBUG] - fit_round 80 received 10 results and 0 failures
INFO flwr 2023-09-11 18:42:10,374 | server.py:119 | fit progress: (80, 347.0996174812317, {'accuracy': 0.4232}, 869.1743122920161)
[2023-09-11 18:42:10,374][flwr][INFO] - fit progress: (80, 347.0996174812317, {'accuracy': 0.4232}, 869.1743122920161)
INFO flwr 2023-09-11 18:42:10,374 | server.py:166 | evaluate_round 80: no clients selected, cancel
[2023-09-11 18:42:10,374][flwr][INFO] - evaluate_round 80: no clients selected, cancel
DEBUG flwr 2023-09-11 18:42:10,374 | server.py:218 | fit_round 81: strategy sampled 10 clients (out of 100)
[2023-09-11 18:42:10,374][flwr][DEBUG] - fit_round 81: strategy sampled 10 clients (out of 100)
DEBUG flwr 2023-09-11 18:42:17,584 | server.py:232 | fit_round 81 received 10 results and 0 failures
[2023-09-11 18:42:17,584][flwr][DEBUG] - fit_round 81 received 10 results and 0 failures
INFO flwr 2023-09-11 18:42:20,917 | server.py:119 | fit progress: (81, 394.506951212883, {'accuracy': 0.3551}, 879.7177720259642)
[2023-09-11 18:42:20,917][flwr][INFO] - fit progress: (81, 394.506951212883, {'accuracy': 0.3551}, 879.7177720259642)
INFO flwr 2023-09-11 18:42:20,918 | server.py:166 | evaluate_round 81: no clients selected, cancel
[2023-09-11 18:42:20,918][flwr][INFO] - evaluate_round 81: no clients selected, cancel
DEBUG flwr 2023-09-11 18:42:20,918 | server.py:218 | fit_round 82: strategy sampled 10 clients (out of 100)
[2023-09-11 18:42:20,918][flwr][DEBUG] - fit_round 82: strategy sampled 10 clients (out of 100)
DEBUG flwr 2023-09-11 18:42:28,506 | server.py:232 | fit_round 82 received 10 results and 0 failures
[2023-09-11 18:42:28,506][flwr][DEBUG] - fit_round 82 received 10 results and 0 failures
INFO flwr 2023-09-11 18:42:31,817 | server.py:119 | fit progress: (82, 397.16257214546204, {'accuracy': 0.3554}, 890.617486948031)
[2023-09-11 18:42:31,817][flwr][INFO] - fit progress: (82, 397.16257214546204, {'accuracy': 0.3554}, 890.617486948031)
INFO flwr 2023-09-11 18:42:31,817 | server.py:166 | evaluate_round 82: no clients selected, cancel
[2023-09-11 18:42:31,817][flwr][INFO] - evaluate_round 82: no clients selected, cancel
DEBUG flwr 2023-09-11 18:42:31,817 | server.py:218 | fit_round 83: strategy sampled 10 clients (out of 100)
[2023-09-11 18:42:31,817][flwr][DEBUG] - fit_round 83: strategy sampled 10 clients (out of 100)
DEBUG flwr 2023-09-11 18:42:39,200 | server.py:232 | fit_round 83 received 10 results and 0 failures
[2023-09-11 18:42:39,200][flwr][DEBUG] - fit_round 83 received 10 results and 0 failures
INFO flwr 2023-09-11 18:42:42,531 | server.py:119 | fit progress: (83, 366.0589963197708, {'accuracy': 0.3918}, 901.331807233044)
[2023-09-11 18:42:42,531][flwr][INFO] - fit progress: (83, 366.0589963197708, {'accuracy': 0.3918}, 901.331807233044)
INFO flwr 2023-09-11 18:42:42,532 | server.py:166 | evaluate_round 83: no clients selected, cancel
[2023-09-11 18:42:42,532][flwr][INFO] - evaluate_round 83: no clients selected, cancel
DEBUG flwr 2023-09-11 18:42:42,532 | server.py:218 | fit_round 84: strategy sampled 10 clients (out of 100)
[2023-09-11 18:42:42,532][flwr][DEBUG] - fit_round 84: strategy sampled 10 clients (out of 100)
DEBUG flwr 2023-09-11 18:42:49,783 | server.py:232 | fit_round 84 received 10 results and 0 failures
[2023-09-11 18:42:49,783][flwr][DEBUG] - fit_round 84 received 10 results and 0 failures
INFO flwr 2023-09-11 18:42:53,120 | server.py:119 | fit progress: (84, 382.0909233093262, {'accuracy': 0.3563}, 911.9203536580317)
[2023-09-11 18:42:53,120][flwr][INFO] - fit progress: (84, 382.0909233093262, {'accuracy': 0.3563}, 911.9203536580317)
INFO flwr 2023-09-11 18:42:53,120 | server.py:166 | evaluate_round 84: no clients selected, cancel
[2023-09-11 18:42:53,120][flwr][INFO] - evaluate_round 84: no clients selected, cancel
DEBUG flwr 2023-09-11 18:42:53,120 | server.py:218 | fit_round 85: strategy sampled 10 clients (out of 100)
[2023-09-11 18:42:53,120][flwr][DEBUG] - fit_round 85: strategy sampled 10 clients (out of 100)
DEBUG flwr 2023-09-11 18:43:00,515 | server.py:232 | fit_round 85 received 10 results and 0 failures
[2023-09-11 18:43:00,515][flwr][DEBUG] - fit_round 85 received 10 results and 0 failures
INFO flwr 2023-09-11 18:43:03,847 | server.py:119 | fit progress: (85, 386.1519708633423, {'accuracy': 0.3245}, 922.6474939039908)
[2023-09-11 18:43:03,847][flwr][INFO] - fit progress: (85, 386.1519708633423, {'accuracy': 0.3245}, 922.6474939039908)
INFO flwr 2023-09-11 18:43:03,847 | server.py:166 | evaluate_round 85: no clients selected, cancel
[2023-09-11 18:43:03,847][flwr][INFO] - evaluate_round 85: no clients selected, cancel
DEBUG flwr 2023-09-11 18:43:03,847 | server.py:218 | fit_round 86: strategy sampled 10 clients (out of 100)
[2023-09-11 18:43:03,847][flwr][DEBUG] - fit_round 86: strategy sampled 10 clients (out of 100)
DEBUG flwr 2023-09-11 18:43:11,225 | server.py:232 | fit_round 86 received 10 results and 0 failures
[2023-09-11 18:43:11,225][flwr][DEBUG] - fit_round 86 received 10 results and 0 failures
INFO flwr 2023-09-11 18:43:14,559 | server.py:119 | fit progress: (86, 352.4310532808304, {'accuracy': 0.358}, 933.3590804729611)
[2023-09-11 18:43:14,559][flwr][INFO] - fit progress: (86, 352.4310532808304, {'accuracy': 0.358}, 933.3590804729611)
INFO flwr 2023-09-11 18:43:14,559 | server.py:166 | evaluate_round 86: no clients selected, cancel
[2023-09-11 18:43:14,559][flwr][INFO] - evaluate_round 86: no clients selected, cancel
DEBUG flwr 2023-09-11 18:43:14,559 | server.py:218 | fit_round 87: strategy sampled 10 clients (out of 100)
[2023-09-11 18:43:14,559][flwr][DEBUG] - fit_round 87: strategy sampled 10 clients (out of 100)
DEBUG flwr 2023-09-11 18:43:21,858 | server.py:232 | fit_round 87 received 10 results and 0 failures
[2023-09-11 18:43:21,858][flwr][DEBUG] - fit_round 87 received 10 results and 0 failures
INFO flwr 2023-09-11 18:43:25,191 | server.py:119 | fit progress: (87, 334.4075360298157, {'accuracy': 0.3938}, 943.9912481310312)
[2023-09-11 18:43:25,191][flwr][INFO] - fit progress: (87, 334.4075360298157, {'accuracy': 0.3938}, 943.9912481310312)
INFO flwr 2023-09-11 18:43:25,191 | server.py:166 | evaluate_round 87: no clients selected, cancel
[2023-09-11 18:43:25,191][flwr][INFO] - evaluate_round 87: no clients selected, cancel
DEBUG flwr 2023-09-11 18:43:25,191 | server.py:218 | fit_round 88: strategy sampled 10 clients (out of 100)
[2023-09-11 18:43:25,191][flwr][DEBUG] - fit_round 88: strategy sampled 10 clients (out of 100)
DEBUG flwr 2023-09-11 18:43:32,675 | server.py:232 | fit_round 88 received 10 results and 0 failures
[2023-09-11 18:43:32,675][flwr][DEBUG] - fit_round 88 received 10 results and 0 failures
INFO flwr 2023-09-11 18:43:36,002 | server.py:119 | fit progress: (88, 370.80181789398193, {'accuracy': 0.3663}, 954.8025769250235)
[2023-09-11 18:43:36,002][flwr][INFO] - fit progress: (88, 370.80181789398193, {'accuracy': 0.3663}, 954.8025769250235)
INFO flwr 2023-09-11 18:43:36,002 | server.py:166 | evaluate_round 88: no clients selected, cancel
[2023-09-11 18:43:36,002][flwr][INFO] - evaluate_round 88: no clients selected, cancel
DEBUG flwr 2023-09-11 18:43:36,002 | server.py:218 | fit_round 89: strategy sampled 10 clients (out of 100)
[2023-09-11 18:43:36,002][flwr][DEBUG] - fit_round 89: strategy sampled 10 clients (out of 100)
DEBUG flwr 2023-09-11 18:43:43,553 | server.py:232 | fit_round 89 received 10 results and 0 failures
[2023-09-11 18:43:43,553][flwr][DEBUG] - fit_round 89 received 10 results and 0 failures
INFO flwr 2023-09-11 18:43:46,870 | server.py:119 | fit progress: (89, 365.8916246891022, {'accuracy': 0.3898}, 965.6702565200394)
[2023-09-11 18:43:46,870][flwr][INFO] - fit progress: (89, 365.8916246891022, {'accuracy': 0.3898}, 965.6702565200394)
INFO flwr 2023-09-11 18:43:46,870 | server.py:166 | evaluate_round 89: no clients selected, cancel
[2023-09-11 18:43:46,870][flwr][INFO] - evaluate_round 89: no clients selected, cancel
DEBUG flwr 2023-09-11 18:43:46,870 | server.py:218 | fit_round 90: strategy sampled 10 clients (out of 100)
[2023-09-11 18:43:46,870][flwr][DEBUG] - fit_round 90: strategy sampled 10 clients (out of 100)
DEBUG flwr 2023-09-11 18:43:54,209 | server.py:232 | fit_round 90 received 10 results and 0 failures
[2023-09-11 18:43:54,209][flwr][DEBUG] - fit_round 90 received 10 results and 0 failures
INFO flwr 2023-09-11 18:43:57,553 | server.py:119 | fit progress: (90, 367.3114355802536, {'accuracy': 0.3883}, 976.3529540270101)
[2023-09-11 18:43:57,553][flwr][INFO] - fit progress: (90, 367.3114355802536, {'accuracy': 0.3883}, 976.3529540270101)
INFO flwr 2023-09-11 18:43:57,553 | server.py:166 | evaluate_round 90: no clients selected, cancel
[2023-09-11 18:43:57,553][flwr][INFO] - evaluate_round 90: no clients selected, cancel
DEBUG flwr 2023-09-11 18:43:57,553 | server.py:218 | fit_round 91: strategy sampled 10 clients (out of 100)
[2023-09-11 18:43:57,553][flwr][DEBUG] - fit_round 91: strategy sampled 10 clients (out of 100)
DEBUG flwr 2023-09-11 18:44:04,788 | server.py:232 | fit_round 91 received 10 results and 0 failures
[2023-09-11 18:44:04,788][flwr][DEBUG] - fit_round 91 received 10 results and 0 failures
INFO flwr 2023-09-11 18:44:08,148 | server.py:119 | fit progress: (91, 349.6288734674454, {'accuracy': 0.3995}, 986.9487394780153)
[2023-09-11 18:44:08,148][flwr][INFO] - fit progress: (91, 349.6288734674454, {'accuracy': 0.3995}, 986.9487394780153)
INFO flwr 2023-09-11 18:44:08,148 | server.py:166 | evaluate_round 91: no clients selected, cancel
[2023-09-11 18:44:08,148][flwr][INFO] - evaluate_round 91: no clients selected, cancel
DEBUG flwr 2023-09-11 18:44:08,149 | server.py:218 | fit_round 92: strategy sampled 10 clients (out of 100)
[2023-09-11 18:44:08,149][flwr][DEBUG] - fit_round 92: strategy sampled 10 clients (out of 100)
DEBUG flwr 2023-09-11 18:44:15,526 | server.py:232 | fit_round 92 received 10 results and 0 failures
[2023-09-11 18:44:15,526][flwr][DEBUG] - fit_round 92 received 10 results and 0 failures
INFO flwr 2023-09-11 18:44:18,884 | server.py:119 | fit progress: (92, 320.49379909038544, {'accuracy': 0.4223}, 997.6845005899668)
[2023-09-11 18:44:18,884][flwr][INFO] - fit progress: (92, 320.49379909038544, {'accuracy': 0.4223}, 997.6845005899668)
INFO flwr 2023-09-11 18:44:18,884 | server.py:166 | evaluate_round 92: no clients selected, cancel
[2023-09-11 18:44:18,884][flwr][INFO] - evaluate_round 92: no clients selected, cancel
DEBUG flwr 2023-09-11 18:44:18,884 | server.py:218 | fit_round 93: strategy sampled 10 clients (out of 100)
[2023-09-11 18:44:18,884][flwr][DEBUG] - fit_round 93: strategy sampled 10 clients (out of 100)
DEBUG flwr 2023-09-11 18:44:26,123 | server.py:232 | fit_round 93 received 10 results and 0 failures
[2023-09-11 18:44:26,123][flwr][DEBUG] - fit_round 93 received 10 results and 0 failures
INFO flwr 2023-09-11 18:44:29,448 | server.py:119 | fit progress: (93, 325.37416446208954, {'accuracy': 0.387}, 1008.2482118840562)
[2023-09-11 18:44:29,448][flwr][INFO] - fit progress: (93, 325.37416446208954, {'accuracy': 0.387}, 1008.2482118840562)
INFO flwr 2023-09-11 18:44:29,448 | server.py:166 | evaluate_round 93: no clients selected, cancel
[2023-09-11 18:44:29,448][flwr][INFO] - evaluate_round 93: no clients selected, cancel
DEBUG flwr 2023-09-11 18:44:29,448 | server.py:218 | fit_round 94: strategy sampled 10 clients (out of 100)
[2023-09-11 18:44:29,448][flwr][DEBUG] - fit_round 94: strategy sampled 10 clients (out of 100)
DEBUG flwr 2023-09-11 18:44:37,134 | server.py:232 | fit_round 94 received 10 results and 0 failures
[2023-09-11 18:44:37,134][flwr][DEBUG] - fit_round 94 received 10 results and 0 failures
INFO flwr 2023-09-11 18:44:40,482 | server.py:119 | fit progress: (94, 420.41723561286926, {'accuracy': 0.2739}, 1019.2821825359715)
[2023-09-11 18:44:40,482][flwr][INFO] - fit progress: (94, 420.41723561286926, {'accuracy': 0.2739}, 1019.2821825359715)
INFO flwr 2023-09-11 18:44:40,482 | server.py:166 | evaluate_round 94: no clients selected, cancel
[2023-09-11 18:44:40,482][flwr][INFO] - evaluate_round 94: no clients selected, cancel
DEBUG flwr 2023-09-11 18:44:40,482 | server.py:218 | fit_round 95: strategy sampled 10 clients (out of 100)
[2023-09-11 18:44:40,482][flwr][DEBUG] - fit_round 95: strategy sampled 10 clients (out of 100)
DEBUG flwr 2023-09-11 18:44:47,859 | server.py:232 | fit_round 95 received 10 results and 0 failures
[2023-09-11 18:44:47,859][flwr][DEBUG] - fit_round 95 received 10 results and 0 failures
INFO flwr 2023-09-11 18:44:51,189 | server.py:119 | fit progress: (95, 452.33315086364746, {'accuracy': 0.2602}, 1029.9898456110386)
[2023-09-11 18:44:51,189][flwr][INFO] - fit progress: (95, 452.33315086364746, {'accuracy': 0.2602}, 1029.9898456110386)
INFO flwr 2023-09-11 18:44:51,190 | server.py:166 | evaluate_round 95: no clients selected, cancel
[2023-09-11 18:44:51,190][flwr][INFO] - evaluate_round 95: no clients selected, cancel
DEBUG flwr 2023-09-11 18:44:51,190 | server.py:218 | fit_round 96: strategy sampled 10 clients (out of 100)
[2023-09-11 18:44:51,190][flwr][DEBUG] - fit_round 96: strategy sampled 10 clients (out of 100)
DEBUG flwr 2023-09-11 18:44:58,462 | server.py:232 | fit_round 96 received 10 results and 0 failures
[2023-09-11 18:44:58,462][flwr][DEBUG] - fit_round 96 received 10 results and 0 failures
INFO flwr 2023-09-11 18:45:01,814 | server.py:119 | fit progress: (96, 361.2623896598816, {'accuracy': 0.3338}, 1040.6147501700325)
[2023-09-11 18:45:01,814][flwr][INFO] - fit progress: (96, 361.2623896598816, {'accuracy': 0.3338}, 1040.6147501700325)
INFO flwr 2023-09-11 18:45:01,814 | server.py:166 | evaluate_round 96: no clients selected, cancel
[2023-09-11 18:45:01,814][flwr][INFO] - evaluate_round 96: no clients selected, cancel
DEBUG flwr 2023-09-11 18:45:01,815 | server.py:218 | fit_round 97: strategy sampled 10 clients (out of 100)
[2023-09-11 18:45:01,815][flwr][DEBUG] - fit_round 97: strategy sampled 10 clients (out of 100)
DEBUG flwr 2023-09-11 18:45:09,322 | server.py:232 | fit_round 97 received 10 results and 0 failures
[2023-09-11 18:45:09,322][flwr][DEBUG] - fit_round 97 received 10 results and 0 failures
INFO flwr 2023-09-11 18:45:12,667 | server.py:119 | fit progress: (97, 321.6640816926956, {'accuracy': 0.3968}, 1051.4675740710227)
[2023-09-11 18:45:12,667][flwr][INFO] - fit progress: (97, 321.6640816926956, {'accuracy': 0.3968}, 1051.4675740710227)
INFO flwr 2023-09-11 18:45:12,667 | server.py:166 | evaluate_round 97: no clients selected, cancel
[2023-09-11 18:45:12,667][flwr][INFO] - evaluate_round 97: no clients selected, cancel
DEBUG flwr 2023-09-11 18:45:12,667 | server.py:218 | fit_round 98: strategy sampled 10 clients (out of 100)
[2023-09-11 18:45:12,667][flwr][DEBUG] - fit_round 98: strategy sampled 10 clients (out of 100)
DEBUG flwr 2023-09-11 18:45:20,038 | server.py:232 | fit_round 98 received 10 results and 0 failures
[2023-09-11 18:45:20,038][flwr][DEBUG] - fit_round 98 received 10 results and 0 failures
INFO flwr 2023-09-11 18:45:23,358 | server.py:119 | fit progress: (98, 315.92992877960205, {'accuracy': 0.4163}, 1062.1583930220222)
[2023-09-11 18:45:23,358][flwr][INFO] - fit progress: (98, 315.92992877960205, {'accuracy': 0.4163}, 1062.1583930220222)
INFO flwr 2023-09-11 18:45:23,358 | server.py:166 | evaluate_round 98: no clients selected, cancel
[2023-09-11 18:45:23,358][flwr][INFO] - evaluate_round 98: no clients selected, cancel
DEBUG flwr 2023-09-11 18:45:23,358 | server.py:218 | fit_round 99: strategy sampled 10 clients (out of 100)
[2023-09-11 18:45:23,358][flwr][DEBUG] - fit_round 99: strategy sampled 10 clients (out of 100)
DEBUG flwr 2023-09-11 18:45:30,601 | server.py:232 | fit_round 99 received 10 results and 0 failures
[2023-09-11 18:45:30,601][flwr][DEBUG] - fit_round 99 received 10 results and 0 failures
INFO flwr 2023-09-11 18:45:33,929 | server.py:119 | fit progress: (99, 328.1830806732178, {'accuracy': 0.4219}, 1072.729494036059)
[2023-09-11 18:45:33,929][flwr][INFO] - fit progress: (99, 328.1830806732178, {'accuracy': 0.4219}, 1072.729494036059)
INFO flwr 2023-09-11 18:45:33,929 | server.py:166 | evaluate_round 99: no clients selected, cancel
[2023-09-11 18:45:33,929][flwr][INFO] - evaluate_round 99: no clients selected, cancel
DEBUG flwr 2023-09-11 18:45:33,929 | server.py:218 | fit_round 100: strategy sampled 10 clients (out of 100)
[2023-09-11 18:45:33,929][flwr][DEBUG] - fit_round 100: strategy sampled 10 clients (out of 100)
DEBUG flwr 2023-09-11 18:45:41,366 | server.py:232 | fit_round 100 received 10 results and 0 failures
[2023-09-11 18:45:41,366][flwr][DEBUG] - fit_round 100 received 10 results and 0 failures
INFO flwr 2023-09-11 18:45:44,720 | server.py:119 | fit progress: (100, 367.6469155550003, {'accuracy': 0.3793}, 1083.5206191800535)
[2023-09-11 18:45:44,720][flwr][INFO] - fit progress: (100, 367.6469155550003, {'accuracy': 0.3793}, 1083.5206191800535)
INFO flwr 2023-09-11 18:45:44,720 | server.py:166 | evaluate_round 100: no clients selected, cancel
[2023-09-11 18:45:44,720][flwr][INFO] - evaluate_round 100: no clients selected, cancel
INFO flwr 2023-09-11 18:45:44,720 | server.py:147 | FL finished in 1083.5208122109761
[2023-09-11 18:45:44,720][flwr][INFO] - FL finished in 1083.5208122109761
INFO flwr 2023-09-11 18:45:44,727 | app.py:218 | app_fit: losses_distributed []
[2023-09-11 18:45:44,727][flwr][INFO] - app_fit: losses_distributed []
INFO flwr 2023-09-11 18:45:44,728 | app.py:219 | app_fit: metrics_distributed_fit {}
[2023-09-11 18:45:44,728][flwr][INFO] - app_fit: metrics_distributed_fit {}
INFO flwr 2023-09-11 18:45:44,728 | app.py:220 | app_fit: metrics_distributed {}
[2023-09-11 18:45:44,728][flwr][INFO] - app_fit: metrics_distributed {}
INFO flwr 2023-09-11 18:45:44,728 | app.py:221 | app_fit: losses_centralized [(0, 564.3277335166931), (1, 581.6044008731842), (2, 504.4634027481079), (3, 489.1110608577728), (4, 468.8759112358093), (5, 473.92046093940735), (6, 463.6867003440857), (7, 455.56473755836487), (8, 464.40685749053955), (9, 509.3577754497528), (10, 526.6715798377991), (11, 469.3078134059906), (12, 557.0562715530396), (13, 532.0307447910309), (14, 460.48381090164185), (15, 492.73250806331635), (16, 503.60648369789124), (17, 479.778361082077), (18, 468.7963033914566), (19, 469.91916358470917), (20, 511.36734199523926), (21, 543.8804512023926), (22, 467.89975941181183), (23, 449.84949696063995), (24, 476.8982000350952), (25, 565.4964492321014), (26, 611.6946098804474), (27, 444.0800166130066), (28, 410.11250245571136), (29, 466.52217304706573), (30, 459.0703990459442), (31, 415.73542177677155), (32, 436.9989343881607), (33, 441.115461230278), (34, 397.12803614139557), (35, 438.8436781167984), (36, 419.4434633255005), (37, 382.0851329565048), (38, 358.9561302661896), (39, 369.3208829164505), (40, 422.39056158065796), (41, 427.2858307361603), (42, 375.3208327293396), (43, 351.0232801437378), (44, 389.67750692367554), (45, 386.3942207098007), (46, 356.53268814086914), (47, 388.409628868103), (48, 481.86994528770447), (49, 485.045401930809), (50, 430.2370491027832), (51, 418.30359077453613), (52, 425.2372077703476), (53, 403.8726495504379), (54, 394.3707745075226), (55, 377.42696583271027), (56, 412.0639714002609), (57, 422.574605345726), (58, 374.3420730829239), (59, 381.5360369682312), (60, 420.62070059776306), (61, 410.09915816783905), (62, 371.6534495353699), (63, 399.1911995410919), (64, 418.4368782043457), (65, 395.81425189971924), (66, 344.5653340816498), (67, 323.336252450943), (68, 352.1867402791977), (69, 381.0764670372009), (70, 393.3516799211502), (71, 386.96900165081024), (72, 347.21881318092346), (73, 317.1384069919586), (74, 322.3015283346176), (75, 362.15476512908936), (76, 386.55730617046356), (77, 371.620409488678), (78, 344.35956847667694), (79, 355.0218279361725), (80, 347.0996174812317), (81, 394.506951212883), (82, 397.16257214546204), (83, 366.0589963197708), (84, 382.0909233093262), (85, 386.1519708633423), (86, 352.4310532808304), (87, 334.4075360298157), (88, 370.80181789398193), (89, 365.8916246891022), (90, 367.3114355802536), (91, 349.6288734674454), (92, 320.49379909038544), (93, 325.37416446208954), (94, 420.41723561286926), (95, 452.33315086364746), (96, 361.2623896598816), (97, 321.6640816926956), (98, 315.92992877960205), (99, 328.1830806732178), (100, 367.6469155550003)]
[2023-09-11 18:45:44,728][flwr][INFO] - app_fit: losses_centralized [(0, 564.3277335166931), (1, 581.6044008731842), (2, 504.4634027481079), (3, 489.1110608577728), (4, 468.8759112358093), (5, 473.92046093940735), (6, 463.6867003440857), (7, 455.56473755836487), (8, 464.40685749053955), (9, 509.3577754497528), (10, 526.6715798377991), (11, 469.3078134059906), (12, 557.0562715530396), (13, 532.0307447910309), (14, 460.48381090164185), (15, 492.73250806331635), (16, 503.60648369789124), (17, 479.778361082077), (18, 468.7963033914566), (19, 469.91916358470917), (20, 511.36734199523926), (21, 543.8804512023926), (22, 467.89975941181183), (23, 449.84949696063995), (24, 476.8982000350952), (25, 565.4964492321014), (26, 611.6946098804474), (27, 444.0800166130066), (28, 410.11250245571136), (29, 466.52217304706573), (30, 459.0703990459442), (31, 415.73542177677155), (32, 436.9989343881607), (33, 441.115461230278), (34, 397.12803614139557), (35, 438.8436781167984), (36, 419.4434633255005), (37, 382.0851329565048), (38, 358.9561302661896), (39, 369.3208829164505), (40, 422.39056158065796), (41, 427.2858307361603), (42, 375.3208327293396), (43, 351.0232801437378), (44, 389.67750692367554), (45, 386.3942207098007), (46, 356.53268814086914), (47, 388.409628868103), (48, 481.86994528770447), (49, 485.045401930809), (50, 430.2370491027832), (51, 418.30359077453613), (52, 425.2372077703476), (53, 403.8726495504379), (54, 394.3707745075226), (55, 377.42696583271027), (56, 412.0639714002609), (57, 422.574605345726), (58, 374.3420730829239), (59, 381.5360369682312), (60, 420.62070059776306), (61, 410.09915816783905), (62, 371.6534495353699), (63, 399.1911995410919), (64, 418.4368782043457), (65, 395.81425189971924), (66, 344.5653340816498), (67, 323.336252450943), (68, 352.1867402791977), (69, 381.0764670372009), (70, 393.3516799211502), (71, 386.96900165081024), (72, 347.21881318092346), (73, 317.1384069919586), (74, 322.3015283346176), (75, 362.15476512908936), (76, 386.55730617046356), (77, 371.620409488678), (78, 344.35956847667694), (79, 355.0218279361725), (80, 347.0996174812317), (81, 394.506951212883), (82, 397.16257214546204), (83, 366.0589963197708), (84, 382.0909233093262), (85, 386.1519708633423), (86, 352.4310532808304), (87, 334.4075360298157), (88, 370.80181789398193), (89, 365.8916246891022), (90, 367.3114355802536), (91, 349.6288734674454), (92, 320.49379909038544), (93, 325.37416446208954), (94, 420.41723561286926), (95, 452.33315086364746), (96, 361.2623896598816), (97, 321.6640816926956), (98, 315.92992877960205), (99, 328.1830806732178), (100, 367.6469155550003)]
INFO flwr 2023-09-11 18:45:44,728 | app.py:222 | app_fit: metrics_centralized {'accuracy': [(0, 0.099), (1, 0.1018), (2, 0.1462), (3, 0.1362), (4, 0.1735), (5, 0.1433), (6, 0.1629), (7, 0.1585), (8, 0.1682), (9, 0.1924), (10, 0.1757), (11, 0.1975), (12, 0.1001), (13, 0.1676), (14, 0.2295), (15, 0.1756), (16, 0.166), (17, 0.174), (18, 0.1967), (19, 0.2257), (20, 0.2174), (21, 0.2101), (22, 0.2458), (23, 0.2413), (24, 0.2209), (25, 0.1737), (26, 0.1422), (27, 0.1951), (28, 0.2416), (29, 0.228), (30, 0.2478), (31, 0.2585), (32, 0.2167), (33, 0.2198), (34, 0.2897), (35, 0.2343), (36, 0.2699), (37, 0.3208), (38, 0.3037), (39, 0.2878), (40, 0.2323), (41, 0.2309), (42, 0.3084), (43, 0.3423), (44, 0.2757), (45, 0.2954), (46, 0.3554), (47, 0.3097), (48, 0.2579), (49, 0.2622), (50, 0.2784), (51, 0.2935), (52, 0.2801), (53, 0.2956), (54, 0.256), (55, 0.3062), (56, 0.2911), (57, 0.2601), (58, 0.3227), (59, 0.3327), (60, 0.2889), (61, 0.285), (62, 0.3382), (63, 0.3114), (64, 0.3351), (65, 0.3119), (66, 0.3453), (67, 0.4056), (68, 0.3197), (69, 0.3243), (70, 0.3336), (71, 0.3194), (72, 0.3408), (73, 0.3966), (74, 0.3919), (75, 0.3357), (76, 0.2997), (77, 0.3115), (78, 0.3536), (79, 0.3653), (80, 0.4232), (81, 0.3551), (82, 0.3554), (83, 0.3918), (84, 0.3563), (85, 0.3245), (86, 0.358), (87, 0.3938), (88, 0.3663), (89, 0.3898), (90, 0.3883), (91, 0.3995), (92, 0.4223), (93, 0.387), (94, 0.2739), (95, 0.2602), (96, 0.3338), (97, 0.3968), (98, 0.4163), (99, 0.4219), (100, 0.3793)]}
[2023-09-11 18:45:44,728][flwr][INFO] - app_fit: metrics_centralized {'accuracy': [(0, 0.099), (1, 0.1018), (2, 0.1462), (3, 0.1362), (4, 0.1735), (5, 0.1433), (6, 0.1629), (7, 0.1585), (8, 0.1682), (9, 0.1924), (10, 0.1757), (11, 0.1975), (12, 0.1001), (13, 0.1676), (14, 0.2295), (15, 0.1756), (16, 0.166), (17, 0.174), (18, 0.1967), (19, 0.2257), (20, 0.2174), (21, 0.2101), (22, 0.2458), (23, 0.2413), (24, 0.2209), (25, 0.1737), (26, 0.1422), (27, 0.1951), (28, 0.2416), (29, 0.228), (30, 0.2478), (31, 0.2585), (32, 0.2167), (33, 0.2198), (34, 0.2897), (35, 0.2343), (36, 0.2699), (37, 0.3208), (38, 0.3037), (39, 0.2878), (40, 0.2323), (41, 0.2309), (42, 0.3084), (43, 0.3423), (44, 0.2757), (45, 0.2954), (46, 0.3554), (47, 0.3097), (48, 0.2579), (49, 0.2622), (50, 0.2784), (51, 0.2935), (52, 0.2801), (53, 0.2956), (54, 0.256), (55, 0.3062), (56, 0.2911), (57, 0.2601), (58, 0.3227), (59, 0.3327), (60, 0.2889), (61, 0.285), (62, 0.3382), (63, 0.3114), (64, 0.3351), (65, 0.3119), (66, 0.3453), (67, 0.4056), (68, 0.3197), (69, 0.3243), (70, 0.3336), (71, 0.3194), (72, 0.3408), (73, 0.3966), (74, 0.3919), (75, 0.3357), (76, 0.2997), (77, 0.3115), (78, 0.3536), (79, 0.3653), (80, 0.4232), (81, 0.3551), (82, 0.3554), (83, 0.3918), (84, 0.3563), (85, 0.3245), (86, 0.358), (87, 0.3938), (88, 0.3663), (89, 0.3898), (90, 0.3883), (91, 0.3995), (92, 0.4223), (93, 0.387), (94, 0.2739), (95, 0.2602), (96, 0.3338), (97, 0.3968), (98, 0.4163), (99, 0.4219), (100, 0.3793)]}
