[2023-09-12 12:45:24,723][HYDRA] Launching 4 jobs locally
[2023-09-12 12:45:24,723][HYDRA] 	#0 : strategy=fedyogi num_rounds=3 num_total_clients=100 cpus_per_client=1 gpus_per_client=0.5
INFO flwr 2023-09-12 12:45:40,163 | app.py:146 | Starting Flower simulation, config: ServerConfig(num_rounds=3, round_timeout=None)
Files already downloaded and verified
Files already downloaded and verified
[2023-09-12 12:45:40,163][flwr][INFO] - Starting Flower simulation, config: ServerConfig(num_rounds=3, round_timeout=None)
INFO flwr 2023-09-12 12:45:41,815 | app.py:180 | Flower VCE: Ray initialized with resources: {'node:10.131.34.34': 1.0, 'GPU': 1.0, 'CPU': 6.0, 'memory': 39400872347.0, 'object_store_memory': 19700436172.0, 'accelerator_type:G': 1.0}
[2023-09-12 12:45:41,815][flwr][INFO] - Flower VCE: Ray initialized with resources: {'node:10.131.34.34': 1.0, 'GPU': 1.0, 'CPU': 6.0, 'memory': 39400872347.0, 'object_store_memory': 19700436172.0, 'accelerator_type:G': 1.0}
INFO flwr 2023-09-12 12:45:41,815 | server.py:86 | Initializing global parameters
[2023-09-12 12:45:41,815][flwr][INFO] - Initializing global parameters
INFO flwr 2023-09-12 12:45:41,815 | server.py:269 | Using initial parameters provided by strategy
[2023-09-12 12:45:41,815][flwr][INFO] - Using initial parameters provided by strategy
INFO flwr 2023-09-12 12:45:41,816 | server.py:88 | Evaluating initial parameters
[2023-09-12 12:45:41,816][flwr][INFO] - Evaluating initial parameters
INFO flwr 2023-09-12 12:45:46,881 | server.py:91 | initial parameters (loss, other metrics): 489.3632843494415, {'accuracy': 0.0938}
[2023-09-12 12:45:46,881][flwr][INFO] - initial parameters (loss, other metrics): 489.3632843494415, {'accuracy': 0.0938}
INFO flwr 2023-09-12 12:45:46,882 | server.py:101 | FL starting
[2023-09-12 12:45:46,882][flwr][INFO] - FL starting
DEBUG flwr 2023-09-12 12:45:46,882 | server.py:218 | fit_round 1: strategy sampled 10 clients (out of 100)
[2023-09-12 12:45:46,882][flwr][DEBUG] - fit_round 1: strategy sampled 10 clients (out of 100)
DEBUG flwr 2023-09-12 12:45:57,359 | server.py:232 | fit_round 1 received 10 results and 0 failures
[2023-09-12 12:45:57,359][flwr][DEBUG] - fit_round 1 received 10 results and 0 failures
WARNING flwr 2023-09-12 12:45:57,648 | fedavg.py:243 | No fit_metrics_aggregation_fn provided
[2023-09-12 12:45:57,648][flwr][WARNING] - No fit_metrics_aggregation_fn provided
INFO flwr 2023-09-12 12:46:00,795 | server.py:119 | fit progress: (1, 515.8642210960388, {'accuracy': 0.1005}, 13.912835072958842)
[2023-09-12 12:46:00,795][flwr][INFO] - fit progress: (1, 515.8642210960388, {'accuracy': 0.1005}, 13.912835072958842)
INFO flwr 2023-09-12 12:46:00,795 | server.py:166 | evaluate_round 1: no clients selected, cancel
[2023-09-12 12:46:00,795][flwr][INFO] - evaluate_round 1: no clients selected, cancel
DEBUG flwr 2023-09-12 12:46:00,795 | server.py:218 | fit_round 2: strategy sampled 10 clients (out of 100)
[2023-09-12 12:46:00,795][flwr][DEBUG] - fit_round 2: strategy sampled 10 clients (out of 100)
DEBUG flwr 2023-09-12 12:46:08,445 | server.py:232 | fit_round 2 received 10 results and 0 failures
[2023-09-12 12:46:08,445][flwr][DEBUG] - fit_round 2 received 10 results and 0 failures
INFO flwr 2023-09-12 12:46:11,822 | server.py:119 | fit progress: (2, 472.61676025390625, {'accuracy': 0.1}, 24.939917823998258)
[2023-09-12 12:46:11,822][flwr][INFO] - fit progress: (2, 472.61676025390625, {'accuracy': 0.1}, 24.939917823998258)
INFO flwr 2023-09-12 12:46:11,822 | server.py:166 | evaluate_round 2: no clients selected, cancel
[2023-09-12 12:46:11,822][flwr][INFO] - evaluate_round 2: no clients selected, cancel
DEBUG flwr 2023-09-12 12:46:11,822 | server.py:218 | fit_round 3: strategy sampled 10 clients (out of 100)
[2023-09-12 12:46:11,822][flwr][DEBUG] - fit_round 3: strategy sampled 10 clients (out of 100)
DEBUG flwr 2023-09-12 12:46:19,196 | server.py:232 | fit_round 3 received 10 results and 0 failures
[2023-09-12 12:46:19,196][flwr][DEBUG] - fit_round 3 received 10 results and 0 failures
INFO flwr 2023-09-12 12:46:22,594 | server.py:119 | fit progress: (3, 456.6430490016937, {'accuracy': 0.1213}, 35.71212577598635)
[2023-09-12 12:46:22,594][flwr][INFO] - fit progress: (3, 456.6430490016937, {'accuracy': 0.1213}, 35.71212577598635)
INFO flwr 2023-09-12 12:46:22,594 | server.py:166 | evaluate_round 3: no clients selected, cancel
[2023-09-12 12:46:22,594][flwr][INFO] - evaluate_round 3: no clients selected, cancel
INFO flwr 2023-09-12 12:46:22,594 | server.py:147 | FL finished in 35.712334063020535
[2023-09-12 12:46:22,594][flwr][INFO] - FL finished in 35.712334063020535
INFO flwr 2023-09-12 12:46:22,598 | app.py:218 | app_fit: losses_distributed []
[2023-09-12 12:46:22,598][flwr][INFO] - app_fit: losses_distributed []
INFO flwr 2023-09-12 12:46:22,598 | app.py:219 | app_fit: metrics_distributed_fit {}
[2023-09-12 12:46:22,598][flwr][INFO] - app_fit: metrics_distributed_fit {}
INFO flwr 2023-09-12 12:46:22,599 | app.py:220 | app_fit: metrics_distributed {}
[2023-09-12 12:46:22,599][flwr][INFO] - app_fit: metrics_distributed {}
INFO flwr 2023-09-12 12:46:22,599 | app.py:221 | app_fit: losses_centralized [(0, 489.3632843494415), (1, 515.8642210960388), (2, 472.61676025390625), (3, 456.6430490016937)]
[2023-09-12 12:46:22,599][flwr][INFO] - app_fit: losses_centralized [(0, 489.3632843494415), (1, 515.8642210960388), (2, 472.61676025390625), (3, 456.6430490016937)]
INFO flwr 2023-09-12 12:46:22,599 | app.py:222 | app_fit: metrics_centralized {'accuracy': [(0, 0.0938), (1, 0.1005), (2, 0.1), (3, 0.1213)]}
[2023-09-12 12:46:22,599][flwr][INFO] - app_fit: metrics_centralized {'accuracy': [(0, 0.0938), (1, 0.1005), (2, 0.1), (3, 0.1213)]}
[2023-09-12 12:46:22,817][HYDRA] 	#1 : strategy=fedadagrad num_rounds=3 num_total_clients=100 cpus_per_client=1 gpus_per_client=0.5
INFO flwr 2023-09-12 12:46:35,979 | app.py:146 | Starting Flower simulation, config: ServerConfig(num_rounds=3, round_timeout=None)
Files already downloaded and verified
Files already downloaded and verified
[2023-09-12 12:46:35,979][flwr][INFO] - Starting Flower simulation, config: ServerConfig(num_rounds=3, round_timeout=None)
INFO flwr 2023-09-12 12:46:40,779 | app.py:180 | Flower VCE: Ray initialized with resources: {'accelerator_type:G': 1.0, 'node:10.131.34.34': 1.0, 'memory': 37225257371.0, 'object_store_memory': 18612628684.0, 'CPU': 6.0, 'GPU': 1.0}
[2023-09-12 12:46:40,779][flwr][INFO] - Flower VCE: Ray initialized with resources: {'accelerator_type:G': 1.0, 'node:10.131.34.34': 1.0, 'memory': 37225257371.0, 'object_store_memory': 18612628684.0, 'CPU': 6.0, 'GPU': 1.0}
INFO flwr 2023-09-12 12:46:40,780 | server.py:86 | Initializing global parameters
[2023-09-12 12:46:40,780][flwr][INFO] - Initializing global parameters
INFO flwr 2023-09-12 12:46:40,781 | server.py:269 | Using initial parameters provided by strategy
[2023-09-12 12:46:40,781][flwr][INFO] - Using initial parameters provided by strategy
INFO flwr 2023-09-12 12:46:40,781 | server.py:88 | Evaluating initial parameters
[2023-09-12 12:46:40,781][flwr][INFO] - Evaluating initial parameters
INFO flwr 2023-09-12 12:46:43,886 | server.py:91 | initial parameters (loss, other metrics): 541.5385422706604, {'accuracy': 0.1}
[2023-09-12 12:46:43,886][flwr][INFO] - initial parameters (loss, other metrics): 541.5385422706604, {'accuracy': 0.1}
INFO flwr 2023-09-12 12:46:43,887 | server.py:101 | FL starting
[2023-09-12 12:46:43,887][flwr][INFO] - FL starting
DEBUG flwr 2023-09-12 12:46:43,887 | server.py:218 | fit_round 1: strategy sampled 10 clients (out of 100)
[2023-09-12 12:46:43,887][flwr][DEBUG] - fit_round 1: strategy sampled 10 clients (out of 100)
DEBUG flwr 2023-09-12 12:46:54,757 | server.py:232 | fit_round 1 received 10 results and 0 failures
[2023-09-12 12:46:54,757][flwr][DEBUG] - fit_round 1 received 10 results and 0 failures
WARNING flwr 2023-09-12 12:46:55,027 | fedavg.py:243 | No fit_metrics_aggregation_fn provided
[2023-09-12 12:46:55,027][flwr][WARNING] - No fit_metrics_aggregation_fn provided
INFO flwr 2023-09-12 12:46:58,160 | server.py:119 | fit progress: (1, 653.1238713264465, {'accuracy': 0.1}, 14.27267270500306)
[2023-09-12 12:46:58,160][flwr][INFO] - fit progress: (1, 653.1238713264465, {'accuracy': 0.1}, 14.27267270500306)
INFO flwr 2023-09-12 12:46:58,160 | server.py:166 | evaluate_round 1: no clients selected, cancel
[2023-09-12 12:46:58,160][flwr][INFO] - evaluate_round 1: no clients selected, cancel
DEBUG flwr 2023-09-12 12:46:58,160 | server.py:218 | fit_round 2: strategy sampled 10 clients (out of 100)
[2023-09-12 12:46:58,160][flwr][DEBUG] - fit_round 2: strategy sampled 10 clients (out of 100)
DEBUG flwr 2023-09-12 12:47:06,123 | server.py:232 | fit_round 2 received 10 results and 0 failures
[2023-09-12 12:47:06,123][flwr][DEBUG] - fit_round 2 received 10 results and 0 failures
INFO flwr 2023-09-12 12:47:09,468 | server.py:119 | fit progress: (2, 1721.162235736847, {'accuracy': 0.1}, 25.580802475917153)
[2023-09-12 12:47:09,468][flwr][INFO] - fit progress: (2, 1721.162235736847, {'accuracy': 0.1}, 25.580802475917153)
INFO flwr 2023-09-12 12:47:09,468 | server.py:166 | evaluate_round 2: no clients selected, cancel
[2023-09-12 12:47:09,468][flwr][INFO] - evaluate_round 2: no clients selected, cancel
DEBUG flwr 2023-09-12 12:47:09,468 | server.py:218 | fit_round 3: strategy sampled 10 clients (out of 100)
[2023-09-12 12:47:09,468][flwr][DEBUG] - fit_round 3: strategy sampled 10 clients (out of 100)
DEBUG flwr 2023-09-12 12:47:16,776 | server.py:232 | fit_round 3 received 10 results and 0 failures
[2023-09-12 12:47:16,776][flwr][DEBUG] - fit_round 3 received 10 results and 0 failures
INFO flwr 2023-09-12 12:47:20,144 | server.py:119 | fit progress: (3, 2798.1186742782593, {'accuracy': 0.1}, 36.256750450935215)
[2023-09-12 12:47:20,144][flwr][INFO] - fit progress: (3, 2798.1186742782593, {'accuracy': 0.1}, 36.256750450935215)
INFO flwr 2023-09-12 12:47:20,144 | server.py:166 | evaluate_round 3: no clients selected, cancel
[2023-09-12 12:47:20,144][flwr][INFO] - evaluate_round 3: no clients selected, cancel
INFO flwr 2023-09-12 12:47:20,144 | server.py:147 | FL finished in 36.25698248995468
[2023-09-12 12:47:20,144][flwr][INFO] - FL finished in 36.25698248995468
INFO flwr 2023-09-12 12:47:20,148 | app.py:218 | app_fit: losses_distributed []
[2023-09-12 12:47:20,148][flwr][INFO] - app_fit: losses_distributed []
INFO flwr 2023-09-12 12:47:20,148 | app.py:219 | app_fit: metrics_distributed_fit {}
[2023-09-12 12:47:20,148][flwr][INFO] - app_fit: metrics_distributed_fit {}
INFO flwr 2023-09-12 12:47:20,148 | app.py:220 | app_fit: metrics_distributed {}
[2023-09-12 12:47:20,148][flwr][INFO] - app_fit: metrics_distributed {}
INFO flwr 2023-09-12 12:47:20,148 | app.py:221 | app_fit: losses_centralized [(0, 541.5385422706604), (1, 653.1238713264465), (2, 1721.162235736847), (3, 2798.1186742782593)]
[2023-09-12 12:47:20,148][flwr][INFO] - app_fit: losses_centralized [(0, 541.5385422706604), (1, 653.1238713264465), (2, 1721.162235736847), (3, 2798.1186742782593)]
INFO flwr 2023-09-12 12:47:20,148 | app.py:222 | app_fit: metrics_centralized {'accuracy': [(0, 0.1), (1, 0.1), (2, 0.1), (3, 0.1)]}
[2023-09-12 12:47:20,148][flwr][INFO] - app_fit: metrics_centralized {'accuracy': [(0, 0.1), (1, 0.1), (2, 0.1), (3, 0.1)]}
[2023-09-12 12:47:20,333][HYDRA] 	#2 : strategy=fedadam num_rounds=3 num_total_clients=100 cpus_per_client=1 gpus_per_client=0.5
INFO flwr 2023-09-12 12:47:32,078 | app.py:146 | Starting Flower simulation, config: ServerConfig(num_rounds=3, round_timeout=None)
Files already downloaded and verified
Files already downloaded and verified
[2023-09-12 12:47:32,078][flwr][INFO] - Starting Flower simulation, config: ServerConfig(num_rounds=3, round_timeout=None)
INFO flwr 2023-09-12 12:47:37,113 | app.py:180 | Flower VCE: Ray initialized with resources: {'CPU': 6.0, 'node:10.131.34.34': 1.0, 'memory': 37220413440.0, 'object_store_memory': 18610206720.0, 'GPU': 1.0, 'accelerator_type:G': 1.0}
[2023-09-12 12:47:37,113][flwr][INFO] - Flower VCE: Ray initialized with resources: {'CPU': 6.0, 'node:10.131.34.34': 1.0, 'memory': 37220413440.0, 'object_store_memory': 18610206720.0, 'GPU': 1.0, 'accelerator_type:G': 1.0}
INFO flwr 2023-09-12 12:47:37,113 | server.py:86 | Initializing global parameters
[2023-09-12 12:47:37,113][flwr][INFO] - Initializing global parameters
INFO flwr 2023-09-12 12:47:37,113 | server.py:269 | Using initial parameters provided by strategy
[2023-09-12 12:47:37,113][flwr][INFO] - Using initial parameters provided by strategy
INFO flwr 2023-09-12 12:47:37,114 | server.py:88 | Evaluating initial parameters
[2023-09-12 12:47:37,114][flwr][INFO] - Evaluating initial parameters
INFO flwr 2023-09-12 12:47:40,231 | server.py:91 | initial parameters (loss, other metrics): 510.70734453201294, {'accuracy': 0.0998}
[2023-09-12 12:47:40,231][flwr][INFO] - initial parameters (loss, other metrics): 510.70734453201294, {'accuracy': 0.0998}
INFO flwr 2023-09-12 12:47:40,232 | server.py:101 | FL starting
[2023-09-12 12:47:40,232][flwr][INFO] - FL starting
DEBUG flwr 2023-09-12 12:47:40,232 | server.py:218 | fit_round 1: strategy sampled 10 clients (out of 100)
[2023-09-12 12:47:40,232][flwr][DEBUG] - fit_round 1: strategy sampled 10 clients (out of 100)
DEBUG flwr 2023-09-12 12:47:50,868 | server.py:232 | fit_round 1 received 10 results and 0 failures
[2023-09-12 12:47:50,868][flwr][DEBUG] - fit_round 1 received 10 results and 0 failures
WARNING flwr 2023-09-12 12:47:51,146 | fedavg.py:243 | No fit_metrics_aggregation_fn provided
[2023-09-12 12:47:51,146][flwr][WARNING] - No fit_metrics_aggregation_fn provided
INFO flwr 2023-09-12 12:47:54,272 | server.py:119 | fit progress: (1, 507.1519148349762, {'accuracy': 0.1059}, 14.039608207996935)
[2023-09-12 12:47:54,272][flwr][INFO] - fit progress: (1, 507.1519148349762, {'accuracy': 0.1059}, 14.039608207996935)
INFO flwr 2023-09-12 12:47:54,272 | server.py:166 | evaluate_round 1: no clients selected, cancel
[2023-09-12 12:47:54,272][flwr][INFO] - evaluate_round 1: no clients selected, cancel
DEBUG flwr 2023-09-12 12:47:54,272 | server.py:218 | fit_round 2: strategy sampled 10 clients (out of 100)
[2023-09-12 12:47:54,272][flwr][DEBUG] - fit_round 2: strategy sampled 10 clients (out of 100)
DEBUG flwr 2023-09-12 12:48:01,482 | server.py:232 | fit_round 2 received 10 results and 0 failures
[2023-09-12 12:48:01,482][flwr][DEBUG] - fit_round 2 received 10 results and 0 failures
INFO flwr 2023-09-12 12:48:04,879 | server.py:119 | fit progress: (2, 485.18744826316833, {'accuracy': 0.1106}, 24.647297732997686)
[2023-09-12 12:48:04,879][flwr][INFO] - fit progress: (2, 485.18744826316833, {'accuracy': 0.1106}, 24.647297732997686)
INFO flwr 2023-09-12 12:48:04,879 | server.py:166 | evaluate_round 2: no clients selected, cancel
[2023-09-12 12:48:04,879][flwr][INFO] - evaluate_round 2: no clients selected, cancel
DEBUG flwr 2023-09-12 12:48:04,879 | server.py:218 | fit_round 3: strategy sampled 10 clients (out of 100)
[2023-09-12 12:48:04,879][flwr][DEBUG] - fit_round 3: strategy sampled 10 clients (out of 100)
DEBUG flwr 2023-09-12 12:48:12,168 | server.py:232 | fit_round 3 received 10 results and 0 failures
[2023-09-12 12:48:12,168][flwr][DEBUG] - fit_round 3 received 10 results and 0 failures
INFO flwr 2023-09-12 12:48:15,529 | server.py:119 | fit progress: (3, 467.796261548996, {'accuracy': 0.1011}, 35.29753190500196)
[2023-09-12 12:48:15,529][flwr][INFO] - fit progress: (3, 467.796261548996, {'accuracy': 0.1011}, 35.29753190500196)
INFO flwr 2023-09-12 12:48:15,530 | server.py:166 | evaluate_round 3: no clients selected, cancel
[2023-09-12 12:48:15,530][flwr][INFO] - evaluate_round 3: no clients selected, cancel
INFO flwr 2023-09-12 12:48:15,530 | server.py:147 | FL finished in 35.29772687202785
[2023-09-12 12:48:15,530][flwr][INFO] - FL finished in 35.29772687202785
INFO flwr 2023-09-12 12:48:15,532 | app.py:218 | app_fit: losses_distributed []
[2023-09-12 12:48:15,532][flwr][INFO] - app_fit: losses_distributed []
INFO flwr 2023-09-12 12:48:15,532 | app.py:219 | app_fit: metrics_distributed_fit {}
[2023-09-12 12:48:15,532][flwr][INFO] - app_fit: metrics_distributed_fit {}
INFO flwr 2023-09-12 12:48:15,532 | app.py:220 | app_fit: metrics_distributed {}
[2023-09-12 12:48:15,532][flwr][INFO] - app_fit: metrics_distributed {}
INFO flwr 2023-09-12 12:48:15,532 | app.py:221 | app_fit: losses_centralized [(0, 510.70734453201294), (1, 507.1519148349762), (2, 485.18744826316833), (3, 467.796261548996)]
[2023-09-12 12:48:15,532][flwr][INFO] - app_fit: losses_centralized [(0, 510.70734453201294), (1, 507.1519148349762), (2, 485.18744826316833), (3, 467.796261548996)]
INFO flwr 2023-09-12 12:48:15,533 | app.py:222 | app_fit: metrics_centralized {'accuracy': [(0, 0.0998), (1, 0.1059), (2, 0.1106), (3, 0.1011)]}
[2023-09-12 12:48:15,533][flwr][INFO] - app_fit: metrics_centralized {'accuracy': [(0, 0.0998), (1, 0.1059), (2, 0.1106), (3, 0.1011)]}
[2023-09-12 12:48:15,764][HYDRA] 	#3 : strategy=fedavg num_rounds=3 num_total_clients=100 cpus_per_client=1 gpus_per_client=0.5
INFO flwr 2023-09-12 12:48:26,654 | app.py:146 | Starting Flower simulation, config: ServerConfig(num_rounds=3, round_timeout=None)
Files already downloaded and verified
Files already downloaded and verified
[2023-09-12 12:48:26,654][flwr][INFO] - Starting Flower simulation, config: ServerConfig(num_rounds=3, round_timeout=None)
INFO flwr 2023-09-12 12:48:31,450 | app.py:180 | Flower VCE: Ray initialized with resources: {'object_store_memory': 18606990950.0, 'accelerator_type:G': 1.0, 'GPU': 1.0, 'CPU': 6.0, 'memory': 37213981902.0, 'node:10.131.34.34': 1.0}
[2023-09-12 12:48:31,450][flwr][INFO] - Flower VCE: Ray initialized with resources: {'object_store_memory': 18606990950.0, 'accelerator_type:G': 1.0, 'GPU': 1.0, 'CPU': 6.0, 'memory': 37213981902.0, 'node:10.131.34.34': 1.0}
INFO flwr 2023-09-12 12:48:31,451 | server.py:86 | Initializing global parameters
[2023-09-12 12:48:31,451][flwr][INFO] - Initializing global parameters
INFO flwr 2023-09-12 12:48:31,451 | server.py:269 | Using initial parameters provided by strategy
[2023-09-12 12:48:31,451][flwr][INFO] - Using initial parameters provided by strategy
INFO flwr 2023-09-12 12:48:31,451 | server.py:88 | Evaluating initial parameters
[2023-09-12 12:48:31,451][flwr][INFO] - Evaluating initial parameters
INFO flwr 2023-09-12 12:48:34,565 | server.py:91 | initial parameters (loss, other metrics): 555.7798936367035, {'accuracy': 0.1}
[2023-09-12 12:48:34,565][flwr][INFO] - initial parameters (loss, other metrics): 555.7798936367035, {'accuracy': 0.1}
INFO flwr 2023-09-12 12:48:34,565 | server.py:101 | FL starting
[2023-09-12 12:48:34,565][flwr][INFO] - FL starting
DEBUG flwr 2023-09-12 12:48:34,565 | server.py:218 | fit_round 1: strategy sampled 10 clients (out of 100)
[2023-09-12 12:48:34,565][flwr][DEBUG] - fit_round 1: strategy sampled 10 clients (out of 100)
DEBUG flwr 2023-09-12 12:48:45,422 | server.py:232 | fit_round 1 received 10 results and 0 failures
[2023-09-12 12:48:45,422][flwr][DEBUG] - fit_round 1 received 10 results and 0 failures
WARNING flwr 2023-09-12 12:48:45,711 | fedavg.py:243 | No fit_metrics_aggregation_fn provided
[2023-09-12 12:48:45,711][flwr][WARNING] - No fit_metrics_aggregation_fn provided
INFO flwr 2023-09-12 12:48:48,745 | server.py:119 | fit progress: (1, 549.3215365409851, {'accuracy': 0.1}, 14.179843339021318)
[2023-09-12 12:48:48,745][flwr][INFO] - fit progress: (1, 549.3215365409851, {'accuracy': 0.1}, 14.179843339021318)
INFO flwr 2023-09-12 12:48:48,745 | server.py:166 | evaluate_round 1: no clients selected, cancel
[2023-09-12 12:48:48,745][flwr][INFO] - evaluate_round 1: no clients selected, cancel
DEBUG flwr 2023-09-12 12:48:48,746 | server.py:218 | fit_round 2: strategy sampled 10 clients (out of 100)
[2023-09-12 12:48:48,746][flwr][DEBUG] - fit_round 2: strategy sampled 10 clients (out of 100)
DEBUG flwr 2023-09-12 12:48:56,022 | server.py:232 | fit_round 2 received 10 results and 0 failures
[2023-09-12 12:48:56,022][flwr][DEBUG] - fit_round 2 received 10 results and 0 failures
INFO flwr 2023-09-12 12:48:59,295 | server.py:119 | fit progress: (2, 522.2785868644714, {'accuracy': 0.1517}, 24.72930572903715)
[2023-09-12 12:48:59,295][flwr][INFO] - fit progress: (2, 522.2785868644714, {'accuracy': 0.1517}, 24.72930572903715)
INFO flwr 2023-09-12 12:48:59,295 | server.py:166 | evaluate_round 2: no clients selected, cancel
[2023-09-12 12:48:59,295][flwr][INFO] - evaluate_round 2: no clients selected, cancel
DEBUG flwr 2023-09-12 12:48:59,295 | server.py:218 | fit_round 3: strategy sampled 10 clients (out of 100)
[2023-09-12 12:48:59,295][flwr][DEBUG] - fit_round 3: strategy sampled 10 clients (out of 100)
DEBUG flwr 2023-09-12 12:49:06,522 | server.py:232 | fit_round 3 received 10 results and 0 failures
[2023-09-12 12:49:06,522][flwr][DEBUG] - fit_round 3 received 10 results and 0 failures
INFO flwr 2023-09-12 12:49:09,785 | server.py:119 | fit progress: (3, 480.28679871559143, {'accuracy': 0.1598}, 35.22000658605248)
[2023-09-12 12:49:09,785][flwr][INFO] - fit progress: (3, 480.28679871559143, {'accuracy': 0.1598}, 35.22000658605248)
INFO flwr 2023-09-12 12:49:09,785 | server.py:166 | evaluate_round 3: no clients selected, cancel
[2023-09-12 12:49:09,785][flwr][INFO] - evaluate_round 3: no clients selected, cancel
INFO flwr 2023-09-12 12:49:09,785 | server.py:147 | FL finished in 35.22019643196836
[2023-09-12 12:49:09,785][flwr][INFO] - FL finished in 35.22019643196836
INFO flwr 2023-09-12 12:49:09,789 | app.py:218 | app_fit: losses_distributed []
[2023-09-12 12:49:09,789][flwr][INFO] - app_fit: losses_distributed []
INFO flwr 2023-09-12 12:49:09,789 | app.py:219 | app_fit: metrics_distributed_fit {}
[2023-09-12 12:49:09,789][flwr][INFO] - app_fit: metrics_distributed_fit {}
INFO flwr 2023-09-12 12:49:09,789 | app.py:220 | app_fit: metrics_distributed {}
[2023-09-12 12:49:09,789][flwr][INFO] - app_fit: metrics_distributed {}
INFO flwr 2023-09-12 12:49:09,789 | app.py:221 | app_fit: losses_centralized [(0, 555.7798936367035), (1, 549.3215365409851), (2, 522.2785868644714), (3, 480.28679871559143)]
[2023-09-12 12:49:09,789][flwr][INFO] - app_fit: losses_centralized [(0, 555.7798936367035), (1, 549.3215365409851), (2, 522.2785868644714), (3, 480.28679871559143)]
INFO flwr 2023-09-12 12:49:09,789 | app.py:222 | app_fit: metrics_centralized {'accuracy': [(0, 0.1), (1, 0.1), (2, 0.1517), (3, 0.1598)]}
[2023-09-12 12:49:09,789][flwr][INFO] - app_fit: metrics_centralized {'accuracy': [(0, 0.1), (1, 0.1), (2, 0.1517), (3, 0.1598)]}
