[2023-09-12 12:46:35,979][flwr][INFO] - Starting Flower simulation, config: ServerConfig(num_rounds=3, round_timeout=None)
[2023-09-12 12:46:40,779][flwr][INFO] - Flower VCE: Ray initialized with resources: {'accelerator_type:G': 1.0, 'node:10.131.34.34': 1.0, 'memory': 37225257371.0, 'object_store_memory': 18612628684.0, 'CPU': 6.0, 'GPU': 1.0}
[2023-09-12 12:46:40,780][flwr][INFO] - Initializing global parameters
[2023-09-12 12:46:40,781][flwr][INFO] - Using initial parameters provided by strategy
[2023-09-12 12:46:40,781][flwr][INFO] - Evaluating initial parameters
[2023-09-12 12:46:43,886][flwr][INFO] - initial parameters (loss, other metrics): 541.5385422706604, {'accuracy': 0.1}
[2023-09-12 12:46:43,887][flwr][INFO] - FL starting
[2023-09-12 12:46:43,887][flwr][DEBUG] - fit_round 1: strategy sampled 10 clients (out of 100)
[2023-09-12 12:46:54,757][flwr][DEBUG] - fit_round 1 received 10 results and 0 failures
[2023-09-12 12:46:55,027][flwr][WARNING] - No fit_metrics_aggregation_fn provided
[2023-09-12 12:46:58,160][flwr][INFO] - fit progress: (1, 653.1238713264465, {'accuracy': 0.1}, 14.27267270500306)
[2023-09-12 12:46:58,160][flwr][INFO] - evaluate_round 1: no clients selected, cancel
[2023-09-12 12:46:58,160][flwr][DEBUG] - fit_round 2: strategy sampled 10 clients (out of 100)
[2023-09-12 12:47:06,123][flwr][DEBUG] - fit_round 2 received 10 results and 0 failures
[2023-09-12 12:47:09,468][flwr][INFO] - fit progress: (2, 1721.162235736847, {'accuracy': 0.1}, 25.580802475917153)
[2023-09-12 12:47:09,468][flwr][INFO] - evaluate_round 2: no clients selected, cancel
[2023-09-12 12:47:09,468][flwr][DEBUG] - fit_round 3: strategy sampled 10 clients (out of 100)
[2023-09-12 12:47:16,776][flwr][DEBUG] - fit_round 3 received 10 results and 0 failures
[2023-09-12 12:47:20,144][flwr][INFO] - fit progress: (3, 2798.1186742782593, {'accuracy': 0.1}, 36.256750450935215)
[2023-09-12 12:47:20,144][flwr][INFO] - evaluate_round 3: no clients selected, cancel
[2023-09-12 12:47:20,144][flwr][INFO] - FL finished in 36.25698248995468
[2023-09-12 12:47:20,148][flwr][INFO] - app_fit: losses_distributed []
[2023-09-12 12:47:20,148][flwr][INFO] - app_fit: metrics_distributed_fit {}
[2023-09-12 12:47:20,148][flwr][INFO] - app_fit: metrics_distributed {}
[2023-09-12 12:47:20,148][flwr][INFO] - app_fit: losses_centralized [(0, 541.5385422706604), (1, 653.1238713264465), (2, 1721.162235736847), (3, 2798.1186742782593)]
[2023-09-12 12:47:20,148][flwr][INFO] - app_fit: metrics_centralized {'accuracy': [(0, 0.1), (1, 0.1), (2, 0.1), (3, 0.1)]}
